This is XeTeX, Version 3.1415926-2.4-0.9998 (TeX Live 2012) (format=xelatex 2012.8.1)  17 MAY 2014 16:47
entering extended mode
 restricted \write18 enabled.
 file:line:error style messages enabled.
 %&-line parsing enabled.
**ack.tex
(./ack.tex
LaTeX2e <2011/06/27>
Babel <v3.8m> and hyphenation patterns for english, dumylang, nohyphenation, german-x-2012-05-30, ngerman-x-2012-05-30, afrikaans, ancientgreek, ibycus, arabic, armenian, basque, bulgarian, catalan, pinyin, coptic, croatian, czech, danish, dutch, ukenglish, usenglishmax, esperanto, estonian, ethiopic, farsi, finnish, french, friulan, galician, german, ngerman, swissgerman, monogreek, greek, hungarian, icelandic, assamese, bengali, gujarati, hindi, kannada, malayalam, marathi, oriya, panjabi, tamil, telugu, indonesian, interlingua, irish, italian, kurmanji, latin, latvian, lithuanian, mongolian, mongolianlmc, bokmal, nynorsk, polish, portuguese, romanian, romansh, russian, sanskrit, serbian, serbianc, slovak, slovenian, spanish, swedish, turkish, turkmen, ukrainian, uppersorbian, welsh, loaded.
Runaway argument?
./ack.tex:11: Paragraph ended before \thanks was complete.
<to be read again> 
                   \par 
l.11 
     
I suspect you've forgotten a `}', causing me to apply this
control sequence to too much text. How can we recover?
My plan is to forget the whole thing and hope for the best.


./ack.tex:12: LaTeX Error: Missing \begin{document}.

See the LaTeX manual or LaTeX Companion for explanation.
Type  H <return>  for immediate help.
 ...                                              
                                                  
l.12   æ„Ÿ
          è°¢æ‰€æœ‰æµ‹è¯•å’Œä½¿ç”¨äº¤å¤§ç¡•å£«å­¦ä½è®ºæ–‡ \LaTeX æ¨¡æ¿çš„å...
You're in trouble here.  Try typing  <return>  to proceed.
If that doesn't work, type  X <return>  to quit.

Missing character: There is no æ„Ÿ in font nullfont!
Missing character: There is no è°¢ in font nullfont!
Missing character: There is no æ‰€ in font nullfont!
Missing character: There is no æœ‰ in font nullfont!
Missing character: There is no æµ‹ in font nullfont!
Missing character: There is no è¯• in font nullfont!
Missing character: There is no å’Œ in font nullfont!
Missing character: There is no ä½¿ in font nullfont!
Missing character: There is no ç”¨ in font nullfont!
Missing character: There is no äº¤ in font nullfont!
Missing character: There is no å¤§ in font nullfont!
Missing character: There is no ç¡• in font nullfont!
Missing character: There is no å£« in font nullfont!
Missing character: There is no å­¦ in font nullfont!
Missing character: There is no ä½ in font nullfont!
Missing character: There is no è®º in font nullfont!
Missing character: There is no æ–‡ in font nullfont!
Missing character: There is no L in font nullfont!
Missing character: There is no T in font nullfont!
LaTeX Font Info:    External font `cmex10' loaded for size
(Font)              <7> on input line 12.
LaTeX Font Info:    External font `cmex10' loaded for size
(Font)              <5> on input line 12.
Missing character: There is no T in font nullfont!
Missing character: There is no E in font nullfont!
Missing character: There is no X in font nullfont!
Missing character: There is no æ¨¡ in font nullfont!
Missing character: There is no æ¿ in font nullfont!
Missing character: There is no çš„ in font nullfont!
Missing character: There is no åŒ in font nullfont!
Missing character: There is no å­¦ in font nullfont!
Missing character: There is no ï¼ in font nullfont!

Overfull \hbox (20.0pt too wide) in paragraph at lines 12--13
[]
 []


Overfull \hbox (5.90282pt too wide) in paragraph at lines 12--13
[][] 
 []


./ack.tex:14: LaTeX Error: Missing \begin{document}.

See the LaTeX manual or LaTeX Companion for explanation.
Type  H <return>  for immediate help.
 ...                                              
                                                  
l.14   æ„Ÿ
          è°¢é‚£ä½æœ€å…ˆåˆ¶ä½œå‡ºåšå£«å­¦ä½è®ºæ–‡ \LaTeX æ¨¡æ¿çš„äº¤å¤§ç...
You're in trouble here.  Try typing  <return>  to proceed.
If that doesn't work, type  X <return>  to quit.

Missing character: There is no æ„Ÿ in font nullfont!
Missing character: There is no è°¢ in font nullfont!
Missing character: There is no é‚£ in font nullfont!
Missing character: There is no ä½ in font nullfont!
Missing character: There is no æœ€ in font nullfont!
Missing character: There is no å…ˆ in font nullfont!
Missing character: There is no åˆ¶ in font nullfont!
Missing character: There is no ä½œ in font nullfont!
Missing character: There is no å‡º in font nullfont!
Missing character: There is no åš in font nullfont!
Missing character: There is no å£« in font nullfont!
Missing character: There is no å­¦ in font nullfont!
Missing character: There is no ä½ in font nullfont!
Missing character: There is no è®º in font nullfont!
Missing character: There is no æ–‡ in font nullfont!
Missing character: There is no L in font nullfont!
Missing character: There is no T in font nullfont!
Missing character: There is no T in font nullfont!
Missing character: There is no E in font nullfont!
Missing character: There is no X in font nullfont!
Missing character: There is no æ¨¡ in font nullfont!
Missing character: There is no æ¿ in font nullfont!
Missing character: There is no çš„ in font nullfont!
Missing character: There is no äº¤ in font nullfont!
Missing character: There is no å¤§ in font nullfont!
Missing character: There is no ç‰© in font nullfont!
Missing character: There is no ç† in font nullfont!
Missing character: There is no ç³» in font nullfont!
Missing character: There is no åŒ in font nullfont!
Missing character: There is no å­¦ in font nullfont!
Missing character: There is no ï¼ in font nullfont!

Overfull \hbox (20.0pt too wide) in paragraph at lines 14--15
[]
 []


Overfull \hbox (5.90282pt too wide) in paragraph at lines 14--15
[][] 
 []


./ack.tex:16: LaTeX Error: Missing \begin{document}.

See the LaTeX manual or LaTeX Companion for explanation.
Type  H <return>  for immediate help.
 ...                                              
                                                  
l.16   æ„Ÿ
          è°¢~William Wang~åŒå­¦å¯¹æ¨¡æ¿ç§»æ¤åšå‡ºçš„å·¨å¤§è´¡çŒ®ï¼
You're in trouble here.  Try typing  <return>  to proceed.
If that doesn't work, type  X <return>  to quit.

Missing character: There is no æ„Ÿ in font nullfont!
Missing character: There is no è°¢ in font nullfont!
Missing character: There is no W in font nullfont!
Missing character: There is no i in font nullfont!
Missing character: There is no l in font nullfont!
Missing character: There is no l in font nullfont!
Missing character: There is no i in font nullfont!
Missing character: There is no a in font nullfont!
Missing character: There is no m in font nullfont!
Missing character: There is no W in font nullfont!
Missing character: There is no a in font nullfont!
Missing character: There is no n in font nullfont!
Missing character: There is no g in font nullfont!
Missing character: There is no åŒ in font nullfont!
Missing character: There is no å­¦ in font nullfont!
Missing character: There is no å¯¹ in font nullfont!
Missing character: There is no æ¨¡ in font nullfont!
Missing character: There is no æ¿ in font nullfont!
Missing character: There is no ç§» in font nullfont!
Missing character: There is no æ¤ in font nullfont!
Missing character: There is no åš in font nullfont!
Missing character: There is no å‡º in font nullfont!
Missing character: There is no çš„ in font nullfont!
Missing character: There is no å·¨ in font nullfont!
Missing character: There is no å¤§ in font nullfont!
Missing character: There is no è´¡ in font nullfont!
Missing character: There is no çŒ® in font nullfont!
Missing character: There is no ï¼ in font nullfont!

Overfull \hbox (20.0pt too wide) in paragraph at lines 16--17
[]    
 []

)
! Emergency stop.
<*> ack.tex
           
*** (job aborted, no legal \end found)

 
Here is how much of TeX's memory you used:
 9 strings out of 494004
 175 string characters out of 3150891
 48089 words of memory out of 3000000
 3371 multiletter control sequences out of 15000+200000
 3640 words of font info for 14 fonts, out of 3000000 for 9000
 1144 hyphenation exceptions out of 8191
 17i,3n,12p,62b,72s stack positions out of 5000i,500n,10000p,200000b,50000s
No pages of output.
