This is XeTeX, Version 3.1415926-2.4-0.9998 (TeX Live 2012) (format=xelatex 2012.8.1)  21 AUG 2014 15:33
entering extended mode
 restricted \write18 enabled.
 file:line:error style messages enabled.
 %&-line parsing enabled.
**diss.tex
(./diss.tex
LaTeX2e <2011/06/27>
Babel <v3.8m> and hyphenation patterns for english, dumylang, nohyphenation, german-x-2012-05-30, ngerman-x-2012-05-30, afrikaans, ancientgreek, ibycus, arabic, armenian, basque, bulgarian, catalan, pinyin, coptic, croatian, czech, danish, dutch, ukenglish, usenglishmax, esperanto, estonian, ethiopic, farsi, finnish, french, friulan, galician, german, ngerman, swissgerman, monogreek, greek, hungarian, icelandic, assamese, bengali, gujarati, hindi, kannada, malayalam, marathi, oriya, panjabi, tamil, telugu, indonesian, interlingua, irish, italian, kurmanji, latin, latvian, lithuanian, mongolian, mongolianlmc, bokmal, nynorsk, polish, portuguese, romanian, romansh, russian, sanskrit, serbian, serbianc, slovak, slovenian, spanish, swedish, turkish, turkmen, ukrainian, uppersorbian, welsh, loaded.
(./sjtuthesis.cls

LaTeX Warning: You have requested document class `sjtuthesis',
               but the document class provides `sjtuthesis.cls'.

Document Class: sjtuthesis.cls 2012/12/05 v0.5 sjtuthesis document class
(/usr/local/texlive/2012/texmf-dist/tex/latex/ctex/ctexbook.cls
Document Class: ctexbook 2011/03/11 v1.02c ctexbook document class
(/usr/local/texlive/2012/texmf-dist/tex/latex/ctex/opt/ctex-common-opts.def) (/usr/local/texlive/2012/texmf-dist/tex/latex/ctex/opt/ctex-caption-opts.def
\c@CTEX@sectiondepth=\count80
) (/usr/local/texlive/2012/texmf-dist/tex/latex/ctex/opt/ctex-class-opts.def) (/usr/local/texlive/2012/texmf-dist/tex/latex/ctex/def/ctex-loadclass.def (/usr/local/texlive/2012/texmf-dist/tex/latex/base/book.cls
Document Class: book 2007/10/19 v1.4h Standard LaTeX document class
(/usr/local/texlive/2012/texmf-dist/tex/latex/base/bk12.clo
File: bk12.clo 2007/10/19 v1.4h Standard LaTeX file (size option)
)
\c@part=\count81
\c@chapter=\count82
\c@section=\count83
\c@subsection=\count84
\c@subsubsection=\count85
\c@paragraph=\count86
\c@subparagraph=\count87
\c@figure=\count88
\c@table=\count89
\abovecaptionskip=\skip41
\belowcaptionskip=\skip42
\bibindent=\dimen102
)) (/usr/local/texlive/2012/texmf-dist/tex/latex/ctex/def/ctex-common.def (/usr/local/texlive/2012/texmf-dist/tex/latex/l3kernel/expl3.sty (/usr/local/texlive/2012/texmf-dist/tex/latex/l3kernel/l3names.sty (/usr/local/texlive/2012/texmf-dist/tex/latex/l3kernel/l3bootstrap.sty
Package: l3bootstrap 2011/12/29 v3110 L3 Experimental bootstrap code
)
Package: l3names 2012/03/04 v3494 L3 Experimental namespace for primitives
) (/usr/local/texlive/2012/texmf-dist/tex/latex/etex-pkg/etex.sty
Package: etex 1998/03/26 v2.0 eTeX basic definition package (PEB)
\et@xins=\count90
)
Package: expl3 2012/04/23 v3570 L3 Experimental code bundle wrapper
 (/usr/local/texlive/2012/texmf-dist/tex/latex/graphics/color.sty
Package: color 2005/11/14 v1.0j Standard LaTeX Color (DPC)
 (/usr/local/texlive/2012/texmf-dist/tex/latex/latexconfig/color.cfg
File: color.cfg 2007/01/18 v1.5 color configuration of teTeX/TeXLive
)
Package color Info: Driver file: xetex.def on input line 130.
 (/usr/local/texlive/2012/texmf-dist/tex/xelatex/xetex-def/xetex.def
File: xetex.def 2009/11/22 v0.94 LaTeX color/graphics driver for XeTeX (RRM/JK)
)) (/usr/local/texlive/2012/texmf-dist/tex/latex/graphics/graphics.sty
Package: graphics 2009/02/05 v1.0o Standard LaTeX Graphics (DPC,SPQR)
 (/usr/local/texlive/2012/texmf-dist/tex/latex/graphics/trig.sty
Package: trig 1999/03/16 v1.09 sin cos tan (DPC)
) (/usr/local/texlive/2012/texmf-dist/tex/latex/latexconfig/graphics.cfg
File: graphics.cfg 2010/04/23 v1.9 graphics configuration of TeX Live
)
Package graphics Info: Driver file: xetex.def on input line 91.
) (/usr/local/texlive/2012/texmf-dist/tex/latex/l3kernel/l3basics.sty
Package: l3basics 2012/03/04 v3491 L3 Experimental basic definitions
) (/usr/local/texlive/2012/texmf-dist/tex/latex/l3kernel/l3expan.sty
Package: l3expan 2012/02/26 v3460 L3 Experimental argument expansion
) (/usr/local/texlive/2012/texmf-dist/tex/latex/l3kernel/l3tl.sty
Package: l3tl 2012/03/04 v3490 L3 Experimental token lists
) (/usr/local/texlive/2012/texmf-dist/tex/latex/l3kernel/l3seq.sty
Package: l3seq 2012/03/04 v3490 L3 Experimental sequences and stacks
) (/usr/local/texlive/2012/texmf-dist/tex/latex/l3kernel/l3int.sty
Package: l3int 2012/03/04 v3490 L3 Experimental integers
\c_max_int=\count91
\l_tmpa_int=\count92
\l_tmpb_int=\count93
\l_tmpc_int=\count94
\g_tmpa_int=\count95
\g_tmpb_int=\count96
) (/usr/local/texlive/2012/texmf-dist/tex/latex/l3kernel/l3quark.sty
Package: l3quark 2012/02/12 v3384 L3 Experimental quarks
) (/usr/local/texlive/2012/texmf-dist/tex/latex/l3kernel/l3prg.sty
Package: l3prg 2012/03/04 v3490 L3 Experimental control structures
\g_prg_map_int=\count97
) (/usr/local/texlive/2012/texmf-dist/tex/latex/l3kernel/l3clist.sty
Package: l3clist 2012/03/04 v3490 L3 Experimental comma separated lists
) (/usr/local/texlive/2012/texmf-dist/tex/latex/l3kernel/l3token.sty
Package: l3token 2012/03/04 v3491 L3 Experimental token manipulation
) (/usr/local/texlive/2012/texmf-dist/tex/latex/l3kernel/l3prop.sty
Package: l3prop 2012/03/04 v3490 L3 Experimental property lists
) (/usr/local/texlive/2012/texmf-dist/tex/latex/l3kernel/l3msg.sty
Package: l3msg 2012/04/23 v3568 L3 Experimental messages
) (/usr/local/texlive/2012/texmf-dist/tex/latex/l3kernel/l3file.sty
Package: l3file 2012/03/09 v3520 L3 Experimental file and I/O operations
\l_iow_stream_int=\count98
\l_iow_line_length_int=\count99
\l_iow_target_length_int=\count100
\l_iow_current_line_int=\count101
\l_iow_current_word_int=\count102
\l_iow_current_indentation_int=\count103
) (/usr/local/texlive/2012/texmf-dist/tex/latex/l3kernel/l3skip.sty
Package: l3skip 2012/03/05 v3499 L3 Experimental dimensions and skips
\l_tmpa_dim=\dimen103
\l_tmpb_dim=\dimen104
\l_tmpc_dim=\dimen105
\g_tmpa_dim=\dimen106
\g_tmpb_dim=\dimen107
\l_tmpa_skip=\skip43
\l_tmpb_skip=\skip44
\l_tmpc_skip=\skip45
\g_tmpa_skip=\skip46
\g_tmpb_skip=\skip47
) (/usr/local/texlive/2012/texmf-dist/tex/latex/l3kernel/l3keys.sty
Package: l3keys 2012/03/03 v3487 L3 Experimental key-value interfaces
\g_keyval_level_int=\count104
\l_keys_choice_int=\count105
) (/usr/local/texlive/2012/texmf-dist/tex/latex/l3kernel/l3fp.sty
Package: l3fp 2012/03/04 v3490 L3 Experimental floating-point operations
\c_one_hundred_million=\count106
\c_five_hundred_million=\count107
\c_one_thousand_million=\count108
\c_fp_pi_by_four_decimal_int=\count109
\c_fp_pi_by_four_extended_int=\count110
\c_fp_pi_decimal_int=\count111
\c_fp_pi_extended_int=\count112
\c_fp_two_pi_decimal_int=\count113
\c_fp_two_pi_extended_int=\count114
\l_fp_count_int=\count115
\l_fp_div_offset_int=\count116
\l_fp_exp_integer_int=\count117
\l_fp_exp_decimal_int=\count118
\l_fp_exp_extended_int=\count119
\l_fp_exp_exponent_int=\count120
\l_fp_input_a_sign_int=\count121
\l_fp_input_a_integer_int=\count122
\l_fp_input_a_decimal_int=\count123
\l_fp_input_a_exponent_int=\count124
\l_fp_input_b_sign_int=\count125
\l_fp_input_b_integer_int=\count126
\l_fp_input_b_decimal_int=\count127
\l_fp_input_b_exponent_int=\count128
\l_fp_input_a_extended_int=\count129
\l_fp_input_b_extended_int=\count130
\l_fp_mul_a_i_int=\count131
\l_fp_mul_a_ii_int=\count132
\l_fp_mul_a_iii_int=\count133
\l_fp_mul_a_iv_int=\count134
\l_fp_mul_a_v_int=\count135
\l_fp_mul_a_vi_int=\count136
\l_fp_mul_b_i_int=\count137
\l_fp_mul_b_ii_int=\count138
\l_fp_mul_b_iii_int=\count139
\l_fp_mul_b_iv_int=\count140
\l_fp_mul_b_v_int=\count141
\l_fp_mul_b_vi_int=\count142
\l_fp_mul_output_int=\count143
\l_fp_output_sign_int=\count144
\l_fp_output_integer_int=\count145
\l_fp_output_decimal_int=\count146
\l_fp_output_exponent_int=\count147
\l_fp_output_extended_int=\count148
\l_fp_round_position_int=\count149
\l_fp_round_target_int=\count150
\l_fp_split_sign_int=\count151
\l_fp_internal_int=\count152
\l_fp_trig_octant_int=\count153
\l_fp_trig_sign_int=\count154
\l_fp_trig_decimal_int=\count155
\l_fp_trig_extended_int=\count156
\l_fp_internal_dim=\dimen108
\l_fp_internal_skip=\skip48
) (/usr/local/texlive/2012/texmf-dist/tex/latex/l3kernel/l3box.sty
Package: l3box 2012/03/04 v3490 L3 Experimental boxes
\l_tmpb_box=\box26
\l_box_top_dim=\dimen109
\l_box_bottom_dim=\dimen110
\l_box_left_dim=\dimen111
\l_box_right_dim=\dimen112
\l_box_top_new_dim=\dimen113
\l_box_bottom_new_dim=\dimen114
\l_box_left_new_dim=\dimen115
\l_box_right_new_dim=\dimen116
\l_box_internal_box=\box27
) (/usr/local/texlive/2012/texmf-dist/tex/latex/l3kernel/l3coffins.sty
Package: l3coffins 2012/03/03 v3482 L3 Experimental coffin code layer
\l_coffin_internal_box=\box28
\l_coffin_internal_dim=\dimen117
\l_coffin_offset_x_dim=\dimen118
\l_coffin_offset_y_dim=\dimen119
\l_coffin_x_dim=\dimen120
\l_coffin_y_dim=\dimen121
\l_coffin_x_prime_dim=\dimen122
\l_coffin_y_prime_dim=\dimen123
\l_coffin_Depth_dim=\dimen124
\l_coffin_Height_dim=\dimen125
\l_coffin_TotalHeight_dim=\dimen126
\l_coffin_Width_dim=\dimen127
\c_empty_coffin=\box29
\l_coffin_aligned_coffin=\box30
\l_coffin_aligned_internal_coffin=\box31
\l_coffin_bounding_shift_dim=\dimen128
\l_coffin_left_corner_dim=\dimen129
\l_coffin_right_corner_dim=\dimen130
\l_coffin_bottom_corner_dim=\dimen131
\l_coffin_top_corner_dim=\dimen132
\l_coffin_scaled_total_height_dim=\dimen133
\l_coffin_scaled_width_dim=\dimen134
\l_coffin_display_coffin=\box32
\l_coffin_display_coord_coffin=\box33
\l_coffin_display_pole_coffin=\box34
\l_coffin_display_offset_dim=\dimen135
\l_coffin_display_x_dim=\dimen136
\l_coffin_display_y_dim=\dimen137
) (/usr/local/texlive/2012/texmf-dist/tex/latex/l3kernel/l3color.sty
Package: l3color 2011/09/07 v2776 L3 Experimental colour support
)
(/usr/local/texlive/2012/texmf-dist/tex/latex/l3kernel/l3luatex.sty
Package: l3luatex 2012/02/09 v3355 L3 Experimental LuaTeX-specific functions
\g_cctab_allocate_int=\count157
\g_cctab_stack_int=\count158
)) (/usr/local/texlive/2012/texmf-dist/tex/latex/etoolbox/etoolbox.sty
Package: etoolbox 2011/01/03 v2.1 e-TeX tools for LaTeX
\etb@tempcnta=\count159
) (/usr/local/texlive/2012/texmf-dist/tex/generic/oberdiek/ifpdf.sty
Package: ifpdf 2011/01/30 v2.3 Provides the ifpdf switch (HO)
Package ifpdf Info: pdfTeX in PDF mode is not detected.
) (/usr/local/texlive/2012/texmf-dist/tex/generic/ifxetex/ifxetex.sty
Package: ifxetex 2010/09/12 v0.6 Provides ifxetex conditional
) (/usr/local/texlive/2012/texmf-dist/tex/latex/graphics/keyval.sty
Package: keyval 1999/03/16 v1.13 key=value parser (DPC)
\KV@toks@=\toks14
) (/usr/local/texlive/2012/texmf-dist/tex/latex/tools/indentfirst.sty
Package: indentfirst 1995/11/23 v1.03 Indent first paragraph (DPC)
) (/usr/local/texlive/2012/texmf-dist/tex/latex/base/fix-cm.sty
Package: fix-cm 2006/09/13 v1.1m fixes to LaTeX
 (/usr/local/texlive/2012/texmf-dist/tex/latex/base/ts1enc.def
File: ts1enc.def 2001/06/05 v3.0e (jk/car/fm) Standard LaTeX file
)) (/usr/local/texlive/2012/texmf-dist/tex/latex/fancyhdr/fancyhdr.sty
\fancy@headwidth=\skip49
\f@ncyO@elh=\skip50
\f@ncyO@erh=\skip51
\f@ncyO@olh=\skip52
\f@ncyO@orh=\skip53
\f@ncyO@elf=\skip54
\f@ncyO@erf=\skip55
\f@ncyO@olf=\skip56
\f@ncyO@orf=\skip57
) (/usr/local/texlive/2012/texmf-dist/tex/latex/ctex/engine/ctex-xecjk-engine.def (/usr/local/texlive/2012/texmf-dist/tex/latex/savesym/savesym.sty

LaTeX Warning: You have requested package `savesym',
               but the package provides `savesymbol'.

Package: savesymbol 2003/06/01 v1.1 Saves and restores symbols
) (/usr/local/texlive/2012/texmf-dist/tex/xelatex/xecjk/xeCJK.sty
Package: xeCJK 2012/05/21 v3.0.6 package for typesetting CJK scripts with XeLaTeX
 (/usr/local/texlive/2012/texmf-dist/tex/latex/l3packages/xparse/xparse.sty
Package: xparse 2012/04/23 v3570 L3 Experimental document command parser
\l_xparse_current_arg_int=\count160
\l_xparse_m_args_int=\count161
\l_xparse_mandatory_args_int=\count162
\l_xparse_processor_int=\count163
\l_xparse_v_nesting_int=\count164
) (/usr/local/texlive/2012/texmf-dist/tex/latex/l3packages/l3keys2e/l3keys2e.sty
Package: l3keys2e 2012/04/23 v3570 LaTeX2e option processing using LaTeX3 keys
)
.................................................
. LaTeX info: "xparse/define-command"
. 
. Defining document command \makexeCJKactive with arg. spec. '' on line 80.
.................................................
.................................................
. LaTeX info: "xparse/define-command"
. 
. Defining document command \makexeCJKinactive with arg. spec. '' on line 81.
.................................................
\xeCJK_HalfLeft_class=\XeTeXintercharclass4
\xeCJK_HalfRight_class=\XeTeXintercharclass5
\xeCJK_NormalSpace_class=\XeTeXintercharclass6
.................................................
. LaTeX info: "xparse/define-command"
. 
. Defining document command \xeCJKDeclareCharClass with arg. spec.
. '>{\TrimSpaces }mm' on line 134.
.................................................
.................................................
. LaTeX info: "xparse/define-command"
. 
. Defining document command \xeCJK_setcharclass_aux:Nn with arg. spec.
. 'm>{\SplitArgument {1}{->}}m' on line 136.
.................................................
.................................................
. LaTeX info: "xparse/define-command"
. 
. Defining document command \xeCJKsetcharclass with arg. spec. 'mmm' on line
. 151.
.................................................
.................................................
. LaTeX info: "xparse/define-command"
. 
. Defining document command \xeCJKResetPunctClass with arg. spec. '' on line
. 190.
.................................................
.................................................
. LaTeX info: "xparse/define-command"
. 
. Defining document command \normalspacedchars with arg. spec. 'm' on line
. 230.
.................................................
\l_xeCJK_ecglue_dim=\dimen138
.................................................
. LaTeX info: "xparse/define-command"
. 
. Defining document command \CJKspace with arg. spec. '' on line 571.
.................................................
.................................................
. LaTeX info: "xparse/define-command"
. 
. Defining document command \CJKnospace with arg. spec. '' on line 576.
.................................................
.................................................
. LaTeX info: "xparse/define-command"
. 
. Defining document command \xeCJKenablechecksingle with arg. spec. '' on line
. 638.
.................................................
.................................................
. LaTeX info: "xparse/define-command"
. 
. Defining document command \xeCJKdisablechecksingle with arg. spec. '' on
. line 647.
.................................................
.................................................
. LaTeX info: "xparse/define-command"
. 
. Defining document command \xeCJKDeclareSubCJKBlock with arg. spec. 'mm' on
. line 800.
.................................................
.................................................
. LaTeX info: "xparse/define-command"
. 
. Defining document command \xeCJKCancelSubCJKBlock with arg. spec. 'm' on
. line 810.
.................................................
.................................................
. LaTeX info: "xparse/define-command"
. 
. Defining document command \xeCJKRestoreSubCJKBlock with arg. spec. 'm' on
. line 818.
.................................................
.................................................
. LaTeX info: "xparse/define-command"
. 
. Defining document command \xeCJKDeclareSubCharClass with arg. spec.
. '>{\TrimSpaces }m>{\TrimSpaces }mm' on line 849.
.................................................
.................................................
. LaTeX info: "xparse/define-command"
. 
. Defining document command \xeCJKallowbreakbetweenpuncts with arg. spec. ''
. on line 954.
.................................................
.................................................
. LaTeX info: "xparse/define-command"
. 
. Defining document command \xeCJKnobreakbetweenpuncts with arg. spec. '' on
. line 956.
.................................................
.................................................
. LaTeX info: "xparse/define-command"
. 
. Defining document command \xeCJKsetwidth with arg. spec. 'mm' on line 1088.
.................................................
.................................................
. LaTeX info: "xparse/define-command"
. 
. Defining document command \xeCJKsetkern with arg. spec. 'mmm' on line 1236.
.................................................
.................................................
. LaTeX info: "xparse/define-command"
. 
. Defining document command \xeCJKenablefallback with arg. spec. '' on line
. 1254.
.................................................
.................................................
. LaTeX info: "xparse/define-command"
. 
. Defining document command \xeCJKdisablefallback with arg. spec. '' on line
. 1262.
.................................................
.................................................
. LaTeX info: "xparse/define-command"
. 
. Defining document command \setCJKfallbackfamilyfont with arg. spec. 'mO{}m'
. on line 1291.
.................................................
.................................................
. LaTeX info: "xparse/define-command"
. 
. Defining document command \CJKfamily with arg. spec. 'm' on line 1765.
.................................................
.................................................
. LaTeX info: "xparse/define-command"
. 
. Defining document command \setCJKfamilyfont with arg. spec. 'mO{}m' on line
. 1780.
.................................................
.................................................
. LaTeX info: "xparse/define-command"
. 
. Defining document command \newCJKfontfamily with arg. spec. 'omO{}m' on line
. 1788.
.................................................
\g_xeCJK_fontspec_int=\count165
.................................................
. LaTeX info: "xparse/define-command"
. 
. Defining document command \CJKfontspec with arg. spec. 'O{}m' on line 1804.
.................................................
.................................................
. LaTeX info: "xparse/define-command"
. 
. Defining document command \defaultCJKfontfeatures with arg. spec. 'm' on
. line 1807.
.................................................
.................................................
. LaTeX info: "xparse/define-command"
. 
. Defining document command \addCJKfontfeatures with arg. spec. 'm' on line
. 1846.
.................................................
.................................................
. LaTeX info: "xparse/define-command"
. 
. Defining document command \setCJKmainfont with arg. spec. 'O{}m' on line
. 1854.
.................................................
.................................................
. LaTeX info: "xparse/define-command"
. 
. Defining document command \setCJKsansfont with arg. spec. 'O{}m' on line
. 1857.
.................................................
.................................................
. LaTeX info: "xparse/define-command"
. 
. Defining document command \setCJKmathfont with arg. spec. 'O{}m' on line
. 1872.
.................................................
.................................................
. LaTeX info: "xparse/define-command"
. 
. Defining document command \xeCJKsetmathcode with arg. spec. 'mmmm' on line
. 1884.
.................................................
\g_xeCJK_exspace_dim=\dimen139
.................................................
. LaTeX info: "xparse/define-command"
. 
. Defining document command \setCJKmonoscale with arg. spec. '' on line 1940.
.................................................
.................................................
. LaTeX info: "xparse/define-command"
. 
. Defining document command \setCJKmonoexspace with arg. spec. '' on line
. 1950.
.................................................
.................................................
. LaTeX info: "xparse/define-command"
. 
. Defining document command \CJKfixedspacing with arg. spec. '' on line 1977.
.................................................
.................................................
. LaTeX info: "xparse/define-command"
. 
. Defining document command \CJKflexiblespacing with arg. spec. '' on line
. 1991.
.................................................
.................................................
. LaTeX info: "xparse/define-command"
. 
. Defining document command \setCJKmonofont with arg. spec. 'st+O{}m' on line
. 2003.
.................................................
 (/usr/local/texlive/2012/texmf-dist/tex/latex/fontspec/fontspec.sty
Package: fontspec 2012/05/06 v2.2b Advanced font selection for XeLaTeX/LuaLaTeX
\l_fontspec_script_int=\count166
\l_fontspec_language_int=\count167
\l_fontspec_strnum_int=\count168
\l_fontspec_tmpa_dim=\dimen140
\l_fontspec_tmpb_dim=\dimen141
\l_fontspec_tmpc_dim=\dimen142
Variant \tl_gset:cV already defined; not changing it on line 66
Variant \keys_set_known:nxN already defined; not changing it on line 68
 (/usr/local/texlive/2012/texmf-dist/tex/latex/fontspec/fontspec-patches.sty
Package: fontspec-patches 2012/05/06 v2.2b Advanced font selection for XeLaTeX/LuaLaTeX
 (/usr/local/texlive/2012/texmf-dist/tex/latex/base/fixltx2e.sty
Package: fixltx2e 2006/09/13 v1.1m fixes to LaTeX
LaTeX Info: Redefining \em on input line 420.
)
LaTeX Info: Redefining \em on input line 22.
LaTeX Info: Redefining \emph on input line 29.
LaTeX Info: Redefining \- on input line 32.

*************************************************
* LaTeX warning: "xparse/redefine-command"
* 
* Redefining document command \oldstylenums with arg. spec. 'm' on line 107.
*************************************************
.................................................
. LaTeX info: "xparse/define-command"
. 
. Defining document command \liningnums with arg. spec. 'm' on line 111.
.................................................
) (/usr/local/texlive/2012/texmf-dist/tex/latex/fontspec/fontspec-xetex.sty
Package: fontspec-xetex 2012/05/06 v2.2b Advanced font selection for XeLaTeX/LuaLaTeX
 (/usr/local/texlive/2012/texmf-dist/tex/latex/base/fontenc.sty
Package: fontenc 2005/09/27 v1.99g Standard LaTeX package
 (/usr/local/texlive/2012/texmf-dist/tex/latex/euenc/eu1enc.def
File: eu1enc.def 2010/05/27 v0.1h Experimental Unicode font encodings
)
LaTeX Font Info:    Try loading font information for EU1+lmr on input line 100.
 (/usr/local/texlive/2012/texmf-dist/tex/latex/euenc/eu1lmr.fd
File: eu1lmr.fd 2009/10/30 v1.6 Font defs for Latin Modern
)) (/usr/local/texlive/2012/texmf-dist/tex/xelatex/xunicode/xunicode.sty
File: xunicode.sty 2011/09/09 v0.981 provides access to latin accents and many other characters in Unicode lower plane
 (/usr/local/texlive/2012/texmf-dist/tex/latex/tipa/t3enc.def
File: t3enc.def 2001/12/31 T3 encoding
LaTeX Font Info:    Try loading font information for EU1+lmss on input line 357.
 (/usr/local/texlive/2012/texmf-dist/tex/latex/euenc/eu1lmss.fd
File: eu1lmss.fd 2009/10/30 v1.6 Font defs for Latin Modern
))
\tipaTiiicode=\count169
\tipasavetokens=\toks15
\tipachecktokens=\toks16
 (/usr/local/texlive/2012/texmf-dist/tex/latex/graphics/graphicx.sty
Package: graphicx 1999/02/16 v1.0f Enhanced LaTeX Graphics (DPC,SPQR)
\Gin@req@height=\dimen143
\Gin@req@width=\dimen144
))
.................................................
. LaTeX info: "xparse/define-command"
. 
. Defining document command \fontspec with arg. spec. 'O{}m' on line 39.
.................................................
.................................................
. LaTeX info: "xparse/define-command"
. 
. Defining document command \setmainfont with arg. spec. 'O{}m' on line 43.
.................................................
.................................................
. LaTeX info: "xparse/define-command"
. 
. Defining document command \setsansfont with arg. spec. 'O{}m' on line 47.
.................................................
.................................................
. LaTeX info: "xparse/define-command"
. 
. Defining document command \setmonofont with arg. spec. 'O{}m' on line 51.
.................................................
.................................................
. LaTeX info: "xparse/define-command"
. 
. Defining document command \setmathrm with arg. spec. 'O{}m' on line 59.
.................................................
.................................................
. LaTeX info: "xparse/define-command"
. 
. Defining document command \setboldmathrm with arg. spec. 'O{}m' on line 62.
.................................................
.................................................
. LaTeX info: "xparse/define-command"
. 
. Defining document command \setmathsf with arg. spec. 'O{}m' on line 65.
.................................................
.................................................
. LaTeX info: "xparse/define-command"
. 
. Defining document command \setmathtt with arg. spec. 'O{}m' on line 68.
.................................................
.................................................
. LaTeX info: "xparse/define-command"
. 
. Defining document command \newfontfamily with arg. spec. 'mO{}m' on line 84.
.................................................
.................................................
. LaTeX info: "xparse/define-command"
. 
. Defining document command \newfontface with arg. spec. 'mO{}m' on line 87.
.................................................
.................................................
. LaTeX info: "xparse/define-command"
. 
. Defining document command \defaultfontfeatures with arg. spec. 'm' on line
. 91.
.................................................
.................................................
. LaTeX info: "xparse/define-command"
. 
. Defining document command \addfontfeatures with arg. spec. 'm' on line 107.
.................................................
.................................................
. LaTeX info: "xparse/define-command"
. 
. Defining document command \newfontfeature with arg. spec. 'mm' on line 118.
.................................................
.................................................
. LaTeX info: "xparse/define-command"
. 
. Defining document command \newAATfeature with arg. spec. 'mmmm' on line 125.
.................................................
.................................................
. LaTeX info: "xparse/define-command"
. 
. Defining document command \newICUfeature with arg. spec. 'mmm' on line 132.
.................................................
.................................................
. LaTeX info: "xparse/define-command"
. 
. Defining document command \aliasfontfeature with arg. spec. 'mm' on line
. 159.
.................................................
.................................................
. LaTeX info: "xparse/define-command"
. 
. Defining document command \aliasfontfeatureoption with arg. spec. 'mmm' on
. line 164.
.................................................
.................................................
. LaTeX info: "xparse/define-command"
. 
. Defining document command \newfontscript with arg. spec. 'mm' on line 169.
.................................................
.................................................
. LaTeX info: "xparse/define-command"
. 
. Defining document command \newfontlanguage with arg. spec. 'mm' on line 192.
.................................................
.................................................
. LaTeX info: "xparse/define-command"
. 
. Defining document command \DeclareFontsExtensions with arg. spec. 'm' on
. line 211.
.................................................
Variant \prop_gput:cnV already defined; not changing it on line 485
Variant \prop_gput:cnx already defined; not changing it on line 486
\l_fontspec_tmp_int=\count170
LaTeX Info: Redefining \itshape on input line 1893.
LaTeX Info: Redefining \slshape on input line 1897.
LaTeX Info: Redefining \scshape on input line 1901.
LaTeX Info: Redefining \upshape on input line 1905.
 (/usr/local/texlive/2012/texmf-dist/tex/latex/fontspec/fontspec.cfg)))
.................................................
. LaTeX info: "xparse/define-command"
. 
. Defining document command \xeCJKsetup with arg. spec. 'm' on line 2066.
.................................................
.................................................
. LaTeX info: "xparse/define-command"
. 
. Defining document command \xeCJKsetEmboldenFactor with arg. spec. 'm' on
. line 2068.
.................................................
.................................................
. LaTeX info: "xparse/define-command"
. 
. Defining document command \xeCJKsetSlantFactor with arg. spec. 'm' on line
. 2070.
.................................................
.................................................
. LaTeX info: "xparse/define-command"
. 
. Defining document command \punctstyle with arg. spec. 'm' on line 2071.
.................................................
.................................................
. LaTeX info: "xparse/define-command"
. 
. Defining document command \CJKsetecglue with arg. spec. 'm' on line 2073.
.................................................
\xeCJK_Others_class=\count171
.................................................
. LaTeX info: "xparse/define-command"
. 
. Defining document command \xeCJKcaption with arg. spec. 'om' on line 2164.
.................................................
) (/usr/local/texlive/2012/texmf-dist/tex/latex/ctex/engine/ctex-cjk-common.def (/usr/local/texlive/2012/texmf-dist/tex/latex/cjk/texinput/CJKfntef.sty
Package: CJKfntef 2012/05/07 4.8.3
 (/usr/local/texlive/2012/texmf-dist/tex/latex/cjk/texinput/CJKulem.sty
Package: CJKulem 2012/05/07 4.8.3
 (/usr/local/texlive/2012/texmf-dist/tex/generic/ulem/ulem.sty
\UL@box=\box35
\UL@hyphenbox=\box36
\UL@skip=\skip58
\UL@hook=\toks17
\UL@height=\dimen145
\UL@pe=\count172
\UL@pixel=\dimen146
\ULC@box=\box37
Package: ulem 2012/05/18
\ULdepth=\dimen147
)
\UL@lastkern=\dimen148
\CJK@skip=\skip59
)
\CJK@fntefSkip=\skip60
\CJK@nest=\count173
\CJK@fntefDimen=\dimen149
\CJK@underdotBox=\box38
\CJK@ULbox=\box39
\CJK@underanyskip=\dimen150
)
\ccwd=\dimen151
) (/usr/local/texlive/2012/texmf-dist/tex/latex/ctex/fontset/ctex-xecjk-adobefonts.def))
\CTEX@q=\count174
\CTEX@r=\count175
) (/usr/local/texlive/2012/texmf-dist/tex/latex/ctex/def/ctex-caption.def) (/usr/local/texlive/2012/texmf-dist/tex/latex/ctex/def/ctex-class.def) (/usr/local/texlive/2012/texmf-dist/tex/latex/ctex/def/ctex-book.def)) (/usr/local/texlive/2012/texmf-dist/tex/latex/ctex/def/ctex-utf8.def) (/usr/local/texlive/2012/texmf-dist/tex/latex/ctex/cfg/ctexcap.cfg (/usr/local/texlive/2012/texmf-dist/tex/latex/ctex/cfg/ctexcap-utf8.cfg)) (/usr/local/texlive/2012/texmf-dist/tex/latex/ctex/cfg/ctex.cfg) (/usr/local/texlive/2012/texmf-dist/tex/latex/geometry/geometry.sty
Package: geometry 2010/09/12 v5.6 Page Geometry
 (/usr/local/texlive/2012/texmf-dist/tex/generic/oberdiek/ifvtex.sty
Package: ifvtex 2010/03/01 v1.5 Detect VTeX and its facilities (HO)
Package ifvtex Info: VTeX not detected.
)
\Gm@cnth=\count176
\Gm@cntv=\count177
\c@Gm@tempcnt=\count178
\Gm@bindingoffset=\dimen152
\Gm@wd@mp=\dimen153
\Gm@odd@mp=\dimen154
\Gm@even@mp=\dimen155
\Gm@layoutwidth=\dimen156
\Gm@layoutheight=\dimen157
\Gm@layouthoffset=\dimen158
\Gm@layoutvoffset=\dimen159
\Gm@dimlist=\toks18
) (/usr/local/texlive/2012/texmf-dist/tex/latex/metalogo/metalogo.sty
Package: metalogo 2010/05/29 v0.12 Extended TeX logo macros
\xl@everylogo=\toks19
\xl@@everylogo=\toks20
LaTeX Info: Redefining \TeX on input line 193.
LaTeX Info: Redefining \LaTeX on input line 202.
LaTeX Info: Redefining \LaTeXe on input line 219.
)
\g_fontspec_family_TeX Gyre Termes_int=\count179
.................................................
. fontspec info: "defining-font"
. 
. Font family 'TeXGyreTermes(0)' created for font 'TeX Gyre Termes' with
. options [Ligatures=TeX,].
. 
. This font family consists of the following shapes:
. 
. * 'normal' with NFSS spec.:
. <->"TeX Gyre Termes/ICU:script=latn;language=DFLT;mapping=tex-text;"
. 
. * 'small caps' with NFSS spec.:
. <->"TeX Gyre Termes/ICU:script=latn;language=DFLT;mapping=tex-text;+smcp;"
. 
. * 'bold' with NFSS spec.:
. <->"TeX Gyre Termes/B/ICU:script=latn;language=DFLT;mapping=tex-text;"
. 
. * 'bold small caps' with NFSS spec.:
. <->"TeX Gyre Termes/B/ICU:script=latn;language=DFLT;mapping=tex-text;+smcp;"
. 
. * 'italic' with NFSS spec.:
. <->"TeX Gyre Termes/I/ICU:script=latn;language=DFLT;mapping=tex-text;"
. 
. * 'italic small caps' with NFSS spec.:
. <->"TeX Gyre Termes/I/ICU:script=latn;language=DFLT;mapping=tex-text;+smcp;"
. 
. * 'bold italic' with NFSS spec.:
. <->"TeX Gyre Termes/BI/ICU:script=latn;language=DFLT;mapping=tex-text;"
. 
. * 'bold italic small caps' with NFSS spec.:
. <->"TeX Gyre
. Termes/BI/ICU:script=latn;language=DFLT;mapping=tex-text;+smcp;"
.................................................
\g_fontspec_family_Adobe Song Std_int=\count180
.................................................
. fontspec info: "defining-font"
. 
. Font family 'AdobeSongStd(0)' created for font 'Adobe Song Std' with options
. [Ligatures=TeX,BoldFont={Adobe Heiti Std},BoldItalicFont={Adobe Heiti
. Std},BoldSlantedFont={Adobe Heiti Std},ItalicFont={Adobe Kaiti
. Std},SlantedFont={Adobe Kaiti Std}].
. 
. This font family consists of the following shapes:
. 
. * 'normal' with NFSS spec.:
. <->"Adobe Song Std/ICU:script=latn;language=DFLT;mapping=tex-text;"
. 
. * 'bold' with NFSS spec.:
. <->"Adobe Heiti Std/ICU:script=latn;language=DFLT;mapping=tex-text;"
. 
. * 'italic' with NFSS spec.:
. <->"Adobe Kaiti Std/ICU:script=latn;language=DFLT;mapping=tex-text;"
. 
. * 'sl/' with NFSS spec.:
. <->"Adobe Kaiti Std/ICU:script=latn;language=DFLT;mapping=tex-text;"
. 
. * 'bold italic' with NFSS spec.:
. <->"Adobe Heiti Std/ICU:script=latn;language=DFLT;mapping=tex-text;"
. 
. * 'sl/' with NFSS spec.:
. <->"Adobe Heiti Std/ICU:script=latn;language=DFLT;mapping=tex-text;"
.................................................
 (/usr/local/texlive/2012/texmf-dist/tex/latex/base/ifthen.sty
Package: ifthen 2001/05/26 v1.1c Standard LaTeX ifthen package (DPC)
) (/usr/local/texlive/2012/texmf-dist/tex/latex/threeparttable/threeparttable.sty
Package: threeparttable 2003/06/13  v 3.0
\@tempboxb=\box40
) (/usr/local/texlive/2012/texmf-dist/tex/latex/tools/dcolumn.sty
Package: dcolumn 2001/05/28 v1.06 decimal alignment package (DPC)
 (/usr/local/texlive/2012/texmf-dist/tex/latex/tools/array.sty
Package: array 2008/09/09 v2.4c Tabular extension package (FMi)
\col@sep=\dimen160
\extrarowheight=\dimen161
\NC@list=\toks21
\extratabsurround=\skip61
\backup@length=\skip62
)) (/usr/local/texlive/2012/texmf-dist/tex/latex/multirow/multirow.sty
\bigstrutjot=\dimen162
)
(/usr/local/texlive/2012/texmf-dist/tex/latex/booktabs/booktabs.sty
Package: booktabs 2005/04/14 v1.61803 publication quality tables
\heavyrulewidth=\dimen163
\lightrulewidth=\dimen164
\cmidrulewidth=\dimen165
\belowrulesep=\dimen166
\belowbottomsep=\dimen167
\aboverulesep=\dimen168
\abovetopsep=\dimen169
\cmidrulesep=\dimen170
\cmidrulekern=\dimen171
\defaultaddspace=\dimen172
\@cmidla=\count181
\@cmidlb=\count182
\@aboverulesep=\dimen173
\@belowrulesep=\dimen174
\@thisruleclass=\count183
\@lastruleclass=\count184
\@thisrulewidth=\dimen175
) (/usr/local/texlive/2012/texmf-dist/tex/latex/mh/mathtools.sty
Package: mathtools 2012/04/24 v1.12 mathematical typesetting tools
 (/usr/local/texlive/2012/texmf-dist/tex/latex/tools/calc.sty
Package: calc 2007/08/22 v4.3 Infix arithmetic (KKT,FJ)
\calc@Acount=\count185
\calc@Bcount=\count186
\calc@Adimen=\dimen176
\calc@Bdimen=\dimen177
\calc@Askip=\skip63
\calc@Bskip=\skip64
LaTeX Info: Redefining \setlength on input line 76.
LaTeX Info: Redefining \addtolength on input line 77.
\calc@Ccount=\count187
\calc@Cskip=\skip65
) (/usr/local/texlive/2012/texmf-dist/tex/latex/mh/mhsetup.sty
Package: mhsetup 2010/01/21 v1.2a programming setup (MH)
) (/usr/local/texlive/2012/texmf-dist/tex/latex/amsmath/amsmath.sty
Package: amsmath 2000/07/18 v2.13 AMS math features
\@mathmargin=\skip66

For additional information on amsmath, use the `?' option.
(/usr/local/texlive/2012/texmf-dist/tex/latex/amsmath/amstext.sty
Package: amstext 2000/06/29 v2.01
 (/usr/local/texlive/2012/texmf-dist/tex/latex/amsmath/amsgen.sty
File: amsgen.sty 1999/11/30 v2.0
\@emptytoks=\toks22
\ex@=\dimen178
)) (/usr/local/texlive/2012/texmf-dist/tex/latex/amsmath/amsbsy.sty
Package: amsbsy 1999/11/29 v1.2d
\pmbraise@=\dimen179
) (/usr/local/texlive/2012/texmf-dist/tex/latex/amsmath/amsopn.sty
Package: amsopn 1999/12/14 v2.01 operator names
)
\inf@bad=\count188
LaTeX Info: Redefining \frac on input line 211.
\uproot@=\count189
\leftroot@=\count190
LaTeX Info: Redefining \overline on input line 307.
\classnum@=\count191
\DOTSCASE@=\count192
LaTeX Info: Redefining \ldots on input line 379.
LaTeX Info: Redefining \dots on input line 382.
LaTeX Info: Redefining \cdots on input line 467.
\Mathstrutbox@=\box41
\strutbox@=\box42
\big@size=\dimen180
LaTeX Font Info:    Redeclaring font encoding OML on input line 567.
LaTeX Font Info:    Redeclaring font encoding OMS on input line 568.
\macc@depth=\count193
\c@MaxMatrixCols=\count194
\dotsspace@=\muskip10
\c@parentequation=\count195
\dspbrk@lvl=\count196
\tag@help=\toks23
\row@=\count197
\column@=\count198
\maxfields@=\count199
\andhelp@=\toks24
\eqnshift@=\dimen181
\alignsep@=\dimen182
\tagshift@=\dimen183
\tagwidth@=\dimen184
\totwidth@=\dimen185
\lineht@=\dimen186
\@envbody=\toks25
\multlinegap=\skip67
\multlinetaggap=\skip68
\mathdisplay@stack=\toks26
LaTeX Info: Redefining \[ on input line 2666.
LaTeX Info: Redefining \] on input line 2667.
)
\g_MT_multlinerow_int=\count200
\l_MT_multwidth_dim=\dimen187
\origjot=\skip69
\l_MT_shortvdotswithinadjustabove_dim=\dimen188
\l_MT_shortvdotswithinadjustbelow_dim=\dimen189
\l_MT_above_intertext_dim=\dimen190
\l_MT_below_intertext_dim=\dimen191
\l_MT_above_shortintertext_dim=\dimen192
\l_MT_below_shortintertext_dim=\dimen193
) (/usr/local/texlive/2012/texmf-dist/tex/latex/amscls/amsthm.sty
Package: amsthm 2009/07/02 v2.20.1
\thm@style=\toks27
\thm@bodyfont=\toks28
\thm@headfont=\toks29
\thm@notefont=\toks30
\thm@headpunct=\toks31
\thm@preskip=\skip70
\thm@postskip=\skip71
\thm@headsep=\skip72
\dth@everypar=\toks32
) (/usr/local/texlive/2012/texmf-dist/tex/latex/amsfonts/amsfonts.sty
Package: amsfonts 2009/06/22 v3.00 Basic AMSFonts support
\symAMSa=\mathgroup4
\symAMSb=\mathgroup5
LaTeX Font Info:    Overwriting math alphabet `\mathfrak' in version `bold'
(Font)                  U/euf/m/n --> U/euf/b/n on input line 96.
) (/usr/local/texlive/2012/texmf-dist/tex/latex/amsfonts/amssymb.sty
Package: amssymb 2009/06/22 v3.00
) (/usr/local/texlive/2012/texmf-dist/tex/latex/tools/bm.sty
Package: bm 2004/02/26 v1.1c Bold Symbol Support (DPC/FMi)
\symboldoperators=\mathgroup6
\symboldletters=\mathgroup7
\symboldsymbols=\mathgroup8
LaTeX Font Info:    Redeclaring math alphabet \mathbf on input line 138.
LaTeX Info: Redefining \bm on input line 204.
) (/usr/local/texlive/2012/texmf-dist/tex/latex/jknapltx/mathrsfs.sty
Package: mathrsfs 1996/01/01 Math RSFS package v1.0 (jk)
\symrsfs=\mathgroup9
) (/usr/local/texlive/2012/texmf-dist/tex/latex/was/upgreek.sty
Package: upgreek 2003/02/12 v2.0 (WaS)
Package upgreek Info: Using Euler Roman for upright Greek on input line 31.
\symugrf@m=\mathgroup10
LaTeX Font Info:    Overwriting symbol font `ugrf@m' in version `bold'
(Font)                  U/eur/m/n --> U/eur/b/n on input line 38.
) (/usr/local/texlive/2012/texmf-dist/tex/latex/subfigure/subfigure.sty
Package: subfigure 2002/03/15 v2.1.5 subfigure package
\subfigtopskip=\skip73
\subfigcapskip=\skip74
\subfigcaptopadj=\dimen194
\subfigbottomskip=\skip75
\subfigcapmargin=\dimen195
\subfiglabelskip=\skip76
\c@subfigure=\count201
Normal \count register pool exhausted, switching to extended pool.
\c@lofdepth=\count277
\c@subtable=\count278
\c@lotdepth=\count279

****************************************
* Local config file subfigure.cfg used *
****************************************
(/usr/local/texlive/2012/texmf-dist/tex/latex/subfigure/subfigure.cfg)
\subfig@top=\skip77
\subfig@bottom=\skip78
) (/usr/local/texlive/2012/texmf-dist/tex/latex/ccaption/ccaption.sty
Package: ccaption 2011/08/07 v3.2c Extended captioning and new floats
\@contcwidth=\skip79
\@contindw=\skip80
\abovelegendskip=\skip81
\belowlegendskip=\skip82
\c@newflo@tctr=\count280
) (/usr/local/texlive/2012/texmf-dist/tex/latex/natbib/natbib.sty
Package: natbib 2010/09/13 8.31b (PWD, AO)
\bibhang=\skip83
\bibsep=\skip84
LaTeX Info: Redefining \cite on input line 694.
\c@NAT@ctr=\count281
) (/usr/local/texlive/2012/texmf-dist/tex/latex/xcolor/xcolor.sty
Package: xcolor 2007/01/21 v2.11 LaTeX color extensions (UK)
 (/usr/local/texlive/2012/texmf-dist/tex/latex/latexconfig/color.cfg
File: color.cfg 2007/01/18 v1.5 color configuration of teTeX/TeXLive
)
Package xcolor Info: Driver file: xetex.def on input line 225.
LaTeX Info: Redefining \color on input line 702.
Package xcolor Info: Model `cmy' substituted by `cmy0' on input line 1337.
Package xcolor Info: Model `RGB' extended on input line 1353.
Package xcolor Info: Model `HTML' substituted by `rgb' on input line 1355.
Package xcolor Info: Model `Hsb' substituted by `hsb' on input line 1356.
Package xcolor Info: Model `tHsb' substituted by `hsb' on input line 1357.
Package xcolor Info: Model `HSB' substituted by `hsb' on input line 1358.
Package xcolor Info: Model `Gray' substituted by `gray' on input line 1359.
Package xcolor Info: Model `wave' substituted by `hsb' on input line 1360.
) (/usr/local/texlive/2012/texmf-dist/tex/latex/marvosym/marvosym.sty
Package: marvosym 2011/07/20 v2.2 Martin Vogel's Symbols font definitions
) (/usr/local/texlive/2012/texmf-dist/tex/latex/wasysym/wasysym.sty
Package: wasysym 2003/10/30 v2.0 Wasy-2 symbol support package
\symwasy=\mathgroup11
LaTeX Font Info:    Overwriting symbol font `wasy' in version `bold'
(Font)                  U/wasy/m/n --> U/wasy/b/n on input line 90.
) (/usr/local/texlive/2012/texmf-dist/tex/latex/listings/listings.sty
\lst@mode=\count282
\lst@gtempboxa=\box43
\lst@token=\toks33
\lst@length=\count283
\lst@currlwidth=\dimen196
\lst@column=\count284
\lst@pos=\count285
\lst@lostspace=\dimen197
\lst@width=\dimen198
\lst@newlines=\count286
\lst@lineno=\count287
\lst@maxwidth=\dimen199
 (/usr/local/texlive/2012/texmf-dist/tex/latex/listings/lstmisc.sty
File: lstmisc.sty 2007/02/22 1.4 (Carsten Heinz)
\c@lstnumber=\count288
\lst@skipnumbers=\count289
\lst@framebox=\box44
) (/usr/local/texlive/2012/texmf-dist/tex/latex/listings/listings.cfg
File: listings.cfg 2007/02/22 1.4 listings configuration
))
Package: listings 2007/02/22 1.4 (Carsten Heinz)
 (/usr/local/texlive/2012/texmf-dist/tex/latex/hyperref/hyperref.sty
Package: hyperref 2012/05/13 v6.82q Hypertext links for LaTeX
 (/usr/local/texlive/2012/texmf-dist/tex/generic/oberdiek/hobsub-hyperref.sty
Package: hobsub-hyperref 2012/05/28 v1.13 Bundle oberdiek, subset hyperref (HO)
 (/usr/local/texlive/2012/texmf-dist/tex/generic/oberdiek/hobsub-generic.sty
Package: hobsub-generic 2012/05/28 v1.13 Bundle oberdiek, subset generic (HO)
Package: hobsub 2012/05/28 v1.13 Construct package bundles (HO)
Package: infwarerr 2010/04/08 v1.3 Providing info/warning/error messages (HO)
Package: ltxcmds 2011/11/09 v1.22 LaTeX kernel commands for general use (HO)
Package: ifluatex 2010/03/01 v1.3 Provides the ifluatex switch (HO)
Package ifluatex Info: LuaTeX not detected.
Package hobsub Info: Skipping package `ifvtex' (already loaded).
Package: intcalc 2007/09/27 v1.1 Expandable calculations with integers (HO)
Package hobsub Info: Skipping package `ifpdf' (already loaded).
Package: etexcmds 2011/02/16 v1.5 Avoid name clashes with e-TeX commands (HO)
Package etexcmds Info: Could not find \expanded.
(etexcmds)             That can mean that you are not using pdfTeX 1.50 or
(etexcmds)             that some package has redefined \expanded.
(etexcmds)             In the latter case, load this package earlier.
Package: kvsetkeys 2012/04/25 v1.16 Key value parser (HO)
Package: kvdefinekeys 2011/04/07 v1.3 Define keys (HO)
Package: pdftexcmds 2011/11/29 v0.20 Utility functions of pdfTeX for LuaTeX (HO)
Package pdftexcmds Info: LuaTeX not detected.
Package pdftexcmds Info: pdfTeX >= 1.30 not detected.
Package pdftexcmds Info: \pdf@primitive is available.
Package pdftexcmds Info: \pdf@ifprimitive is available.
Package pdftexcmds Info: \pdfdraftmode not found.
Package: pdfescape 2011/11/25 v1.13 Implements pdfTeX's escape features (HO)
Package: bigintcalc 2012/04/08 v1.3 Expandable calculations on big integers (HO)
Package: bitset 2011/01/30 v1.1 Handle bit-vector datatype (HO)
Package: uniquecounter 2011/01/30 v1.2 Provide unlimited unique counter (HO)
)
Package hobsub Info: Skipping package `hobsub' (already loaded).
Package: letltxmacro 2010/09/02 v1.4 Let assignment for LaTeX macros (HO)
Package: hopatch 2012/05/28 v1.2 Wrapper for package hooks (HO)
Package: xcolor-patch 2011/01/30 xcolor patch
Package: atveryend 2011/06/30 v1.8 Hooks at the very end of document (HO)
Package: atbegshi 2011/10/05 v1.16 At begin shipout hook (HO)
Package: refcount 2011/10/16 v3.4 Data extraction from label references (HO)
Package: hycolor 2011/01/30 v1.7 Color options for hyperref/bookmark (HO)
) (/usr/local/texlive/2012/texmf-dist/tex/latex/oberdiek/kvoptions.sty
Package: kvoptions 2011/06/30 v3.11 Key value format for package options (HO)
)
\@linkdim=\dimen200
\Hy@linkcounter=\count290
\Hy@pagecounter=\count291
 (/usr/local/texlive/2012/texmf-dist/tex/latex/hyperref/pd1enc.def
File: pd1enc.def 2012/05/13 v6.82q Hyperref: PDFDocEncoding definition (HO)
)
\Hy@SavedSpaceFactor=\count292
 (/usr/local/texlive/2012/texmf-dist/tex/xelatex/xetexconfig/hyperref.cfg
File: hyperref.cfg 2008/07/11 v1.2 hyperref configuration for XeLaTeX
)
Package hyperref Info: Hyper figures OFF on input line 4062.
Package hyperref Info: Link nesting OFF on input line 4067.
Package hyperref Info: Hyper index ON on input line 4070.
Package hyperref Info: Plain pages OFF on input line 4077.
Package hyperref Info: Backreferencing OFF on input line 4082.
Package hyperref Info: Implicit mode ON; LaTeX internals redefined.
Package hyperref Info: Bookmarks ON on input line 4300.
\c@Hy@tempcnt=\count293
 (/usr/local/texlive/2012/texmf-dist/tex/latex/url/url.sty
\Urlmuskip=\muskip11
Package: url 2006/04/12  ver 3.3  Verb mode for urls, etc.
)
LaTeX Info: Redefining \url on input line 4653.
\Fld@menulength=\count294
\Field@Width=\dimen201
Normal \dimen register pool exhausted, switching to extended pool.
\Fld@charsize=\dimen256
Package hyperref Info: Hyper figures OFF on input line 5773.
Package hyperref Info: Link nesting OFF on input line 5778.
Package hyperref Info: Hyper index ON on input line 5781.
Package hyperref Info: backreferencing OFF on input line 5788.
Package hyperref Info: Link coloring OFF on input line 5793.
Package hyperref Info: Link coloring with OCG OFF on input line 5798.
Package hyperref Info: PDF/A mode OFF on input line 5803.
LaTeX Info: Redefining \ref on input line 5843.
LaTeX Info: Redefining \pageref on input line 5847.
\Hy@abspage=\count295
\c@Item=\count296
\c@Hfootnote=\count297
)

Package hyperref Message: Driver: hxetex.

(/usr/local/texlive/2012/texmf-dist/tex/latex/hyperref/hxetex.def
File: hxetex.def 2012/05/13 v6.82q Hyperref driver for XeTeX
 (/usr/local/texlive/2012/texmf-dist/tex/latex/hyperref/puenc.def
File: puenc.def 2012/05/13 v6.82q Hyperref: PDF Unicode definition (HO)
) (/usr/local/texlive/2012/texmf-dist/tex/generic/oberdiek/stringenc.sty
Package: stringenc 2011/12/02 v1.10 Convert strings between diff. encodings (HO)
)
\pdfm@box=\box45
\c@Hy@AnnotLevel=\count298
\HyField@AnnotCount=\count299
\Fld@listcount=\count300
\c@bookmark@seq@number=\count301
 (/usr/local/texlive/2012/texmf-dist/tex/latex/oberdiek/rerunfilecheck.sty
Package: rerunfilecheck 2011/04/15 v1.7 Rerun checks for auxiliary files (HO)
Package rerunfilecheck Info: Feature \pdfmdfivesum is not available
(rerunfilecheck)             (e.g. pdfTeX or LuaTeX with package `pdftexcmds').
(rerunfilecheck)             Therefore file contents cannot be checked efficiently
(rerunfilecheck)             and the loading of the package is aborted.
)
\Hy@SectionHShift=\skip85
)
Package hyperref Info: Option `bookmarksnumbered' set `true' on input line 164.
Package hyperref Info: Option `colorlinks' set `true' on input line 164.
Package hyperref Info: Option `plainpages' set `false' on input line 164.
 (/usr/local/texlive/2012/texmf-dist/tex/latex/enumitem/enumitem.sty
Package: enumitem 2011/09/28 v3.5.2 Customized lists
\labelindent=\skip86
\enit@outerparindent=\dimen257
\enit@toks=\toks34
\enit@inbox=\box46
\enitdp@description=\count302
)) (./sjtuthesis.cfg
File: sjtuthesis.cfg 2012/12/05 v0.5 sjtuthesis configuration file
\c@algo=\count303
\c@thm=\count304
\c@defn=\count305
\c@conj=\count306
\c@exmp=\count307
\c@rem=\count308
\c@case=\count309
) (/usr/local/texlive/2012/texmf-dist/tex/latex/algorithms/algorithm.sty
Invalid UTF-8 byte or sequence at line 11 replaced by U+FFFD.
Package: algorithm 2009/08/24 v0.1 Document Style `algorithm' - floating environment
 (/usr/local/texlive/2012/texmf-dist/tex/latex/float/float.sty
Package: float 2001/11/08 v1.3d Float enhancements (AL)
\c@float@type=\count310
\float@exts=\toks35
\float@box=\box47
\@float@everytoks=\toks36
\@floatcapt=\box48
)
\@float@every@algorithm=\toks37
\c@algorithm=\count311
) (/usr/local/texlive/2012/texmf-dist/tex/latex/bbm-macros/bbm.sty
Package: bbm 1999/03/15 V 1.2 provides fonts for set symbols - TH
LaTeX Font Info:    Overwriting math alphabet `\mathbbm' in version `bold'
(Font)                  U/bbm/m/n --> U/bbm/bx/n on input line 33.
LaTeX Font Info:    Overwriting math alphabet `\mathbbmss' in version `bold'
(Font)                  U/bbmss/m/n --> U/bbmss/bx/n on input line 35.
) (/usr/local/texlive/2012/texmf-dist/tex/latex/bbold/bbold.sty
Package: bbold 1994/04/06 Bbold symbol package
LaTeX Font Info:    Redeclaring math alphabet \mathbb on input line 42.
) (/usr/local/texlive/2012/texmf-dist/tex/latex/l3packages/xfrac/xfrac.sty (/usr/local/texlive/2012/texmf-dist/tex/latex/base/textcomp.sty
Package: textcomp 2005/09/27 v1.99g Standard LaTeX package
Package textcomp Info: Sub-encoding information:
(textcomp)               5 = only ISO-Adobe without \textcurrency
(textcomp)               4 = 5 + \texteuro
(textcomp)               3 = 4 + \textohm
(textcomp)               2 = 3 + \textestimated + \textcurrency
(textcomp)               1 = TS1 - \textcircled - \t
(textcomp)               0 = TS1 (full)
(textcomp)             Font families with sub-encoding setting implement
(textcomp)             only a restricted character set as indicated.
(textcomp)             Family '?' is the default used for unknown fonts.
(textcomp)             See the documentation for details.
Package textcomp Info: Setting ? sub-encoding to TS1/1 on input line 71.
 (/usr/local/texlive/2012/texmf-dist/tex/latex/base/ts1enc.def
File: ts1enc.def 2001/06/05 v3.0e (jk/car/fm) Standard LaTeX file
LaTeX Font Info:    Redeclaring font encoding TS1 on input line 42.
)
LaTeX Info: Redefining \oldstylenums on input line 266.
Package textcomp Info: Setting cmr sub-encoding to TS1/0 on input line 281.
Package textcomp Info: Setting cmss sub-encoding to TS1/0 on input line 282.
Package textcomp Info: Setting cmtt sub-encoding to TS1/0 on input line 283.
Package textcomp Info: Setting cmvtt sub-encoding to TS1/0 on input line 284.
Package textcomp Info: Setting cmbr sub-encoding to TS1/0 on input line 285.
Package textcomp Info: Setting cmtl sub-encoding to TS1/0 on input line 286.
Package textcomp Info: Setting ccr sub-encoding to TS1/0 on input line 287.
Package textcomp Info: Setting ptm sub-encoding to TS1/4 on input line 288.
Package textcomp Info: Setting pcr sub-encoding to TS1/4 on input line 289.
Package textcomp Info: Setting phv sub-encoding to TS1/4 on input line 290.
Package textcomp Info: Setting ppl sub-encoding to TS1/3 on input line 291.
Package textcomp Info: Setting pag sub-encoding to TS1/4 on input line 292.
Package textcomp Info: Setting pbk sub-encoding to TS1/4 on input line 293.
Package textcomp Info: Setting pnc sub-encoding to TS1/4 on input line 294.
Package textcomp Info: Setting pzc sub-encoding to TS1/4 on input line 295.
Package textcomp Info: Setting bch sub-encoding to TS1/4 on input line 296.
Package textcomp Info: Setting put sub-encoding to TS1/5 on input line 297.
Package textcomp Info: Setting uag sub-encoding to TS1/5 on input line 298.
Package textcomp Info: Setting ugq sub-encoding to TS1/5 on input line 299.
Package textcomp Info: Setting ul8 sub-encoding to TS1/4 on input line 300.
Package textcomp Info: Setting ul9 sub-encoding to TS1/4 on input line 301.
Package textcomp Info: Setting augie sub-encoding to TS1/5 on input line 302.
Package textcomp Info: Setting dayrom sub-encoding to TS1/3 on input line 303.
Package textcomp Info: Setting dayroms sub-encoding to TS1/3 on input line 304.
Package textcomp Info: Setting pxr sub-encoding to TS1/0 on input line 305.
Package textcomp Info: Setting pxss sub-encoding to TS1/0 on input line 306.
Package textcomp Info: Setting pxtt sub-encoding to TS1/0 on input line 307.
Package textcomp Info: Setting txr sub-encoding to TS1/0 on input line 308.
Package textcomp Info: Setting txss sub-encoding to TS1/0 on input line 309.
Package textcomp Info: Setting txtt sub-encoding to TS1/0 on input line 310.
Package textcomp Info: Setting lmr sub-encoding to TS1/0 on input line 311.
Package textcomp Info: Setting lmdh sub-encoding to TS1/0 on input line 312.
Package textcomp Info: Setting lmss sub-encoding to TS1/0 on input line 313.
Package textcomp Info: Setting lmssq sub-encoding to TS1/0 on input line 314.
Package textcomp Info: Setting lmvtt sub-encoding to TS1/0 on input line 315.
Package textcomp Info: Setting qhv sub-encoding to TS1/0 on input line 316.
Package textcomp Info: Setting qag sub-encoding to TS1/0 on input line 317.
Package textcomp Info: Setting qbk sub-encoding to TS1/0 on input line 318.
Package textcomp Info: Setting qcr sub-encoding to TS1/0 on input line 319.
Package textcomp Info: Setting qcs sub-encoding to TS1/0 on input line 320.
Package textcomp Info: Setting qpl sub-encoding to TS1/0 on input line 321.
Package textcomp Info: Setting qtm sub-encoding to TS1/0 on input line 322.
Package textcomp Info: Setting qzc sub-encoding to TS1/0 on input line 323.
Package textcomp Info: Setting qhvc sub-encoding to TS1/0 on input line 324.
Package textcomp Info: Setting futs sub-encoding to TS1/4 on input line 325.
Package textcomp Info: Setting futx sub-encoding to TS1/4 on input line 326.
Package textcomp Info: Setting futj sub-encoding to TS1/4 on input line 327.
Package textcomp Info: Setting hlh sub-encoding to TS1/3 on input line 328.
Package textcomp Info: Setting hls sub-encoding to TS1/3 on input line 329.
Package textcomp Info: Setting hlst sub-encoding to TS1/3 on input line 330.
Package textcomp Info: Setting hlct sub-encoding to TS1/5 on input line 331.
Package textcomp Info: Setting hlx sub-encoding to TS1/5 on input line 332.
Package textcomp Info: Setting hlce sub-encoding to TS1/5 on input line 333.
Package textcomp Info: Setting hlcn sub-encoding to TS1/5 on input line 334.
Package textcomp Info: Setting hlcw sub-encoding to TS1/5 on input line 335.
Package textcomp Info: Setting hlcf sub-encoding to TS1/5 on input line 336.
Package textcomp Info: Setting pplx sub-encoding to TS1/3 on input line 337.
Package textcomp Info: Setting pplj sub-encoding to TS1/3 on input line 338.
Package textcomp Info: Setting ptmx sub-encoding to TS1/4 on input line 339.
Package textcomp Info: Setting ptmj sub-encoding to TS1/4 on input line 340.
) (/usr/local/texlive/2012/texmf-dist/tex/latex/l3packages/xtemplate/xtemplate.sty
Package: xtemplate 2012/04/23 v3570 L3 Experimental prototype document functions
\l_xtemplate_tmp_dim=\dimen258
\l_xtemplate_tmp_int=\count312
\l_xtemplate_tmp_muskip=\muskip12
\l_xtemplate_tmp_skip=\skip87
Variant \prop_get:NoNTF already defined; not changing it on line 105
Variant \prop_get:NoNT already defined; not changing it on line 106
Variant \prop_get:NoNF already defined; not changing it on line 107
)
Package: xfrac 2012/02/26 v3465 L3 Experimental split-level fractions
\l_xfrac_slash_box=\box49
\l_xfrac_tmp_box=\box50
\l_xfrac_denominator_bot_sep_dim=\dimen259
\l_xfrac_numerator_bot_sep_dim=\dimen260
\l_xfrac_numerator_top_sep_dim=\dimen261
\l_xfrac_slash_left_sep_dim=\dimen262
\l_xfrac_slash_right_sep_dim=\dimen263
\l_xfrac_slash_left_muskip=\muskip13
\l_xfrac_slash_right_muskip=\muskip14
.................................................
. xtemplate info: "declare-object-type"
. 
. Declaring object type 'xfrac' taking 3 argument(s) on line 96.
.................................................
.................................................
. LaTeX info: "xparse/define-command"
. 
. Defining document command \sfrac with arg. spec. 'omom' on line 436.
.................................................
) (/usr/local/texlive/2012/texmf-dist/tex/latex/algorithms/algorithmic.sty
Invalid UTF-8 byte or sequence at line 11 replaced by U+FFFD.
Package: algorithmic 2009/08/24 v0.1 Document Style `algorithmic'
\c@ALC@unique=\count313
\c@ALC@line=\count314
\c@ALC@rem=\count315
\c@ALC@depth=\count316
\ALC@tlm=\skip88
\algorithmicindent=\skip89
) (/usr/local/texlive/2012/texmf-dist/tex/latex/arydshln/arydshln.sty
Package: arydshln 2004/08/31 v1.71 
\dashlinedash=\dimen264
\dashlinegap=\dimen265
\adl@box=\box51
\adl@height=\dimen266
\adl@heightsave=\dimen267
\adl@depth=\dimen268
\adl@depthsave=\dimen269
\adl@finaldepth=\dimen270
\adl@columns=\count317
\adl@ncol=\count318
\adl@currentcolumn=\count319
\adl@currentcolumnsave=\count320
\adl@totalheight=\count321
\adl@totalheightsave=\count322
\adl@dash=\count323
\adl@gap=\count324
\adl@cla=\count325
\adl@clb=\count326
\adl@everyvbox=\toks38
\adl@LTpagetotal=\dimen271
) (/Users/lei/Dropbox////.texpadtmp/diss.aux (/Users/lei/Dropbox////.texpadtmp/body/abstract.aux) (/Users/lei/Dropbox////.texpadtmp/introduction.aux) (/Users/lei/Dropbox////.texpadtmp/body/chapter01.aux) (/Users/lei/Dropbox////.texpadtmp/body/chapter02.aux) (/Users/lei/Dropbox////.texpadtmp/body/chapter02_a.aux) (/Users/lei/Dropbox////.texpadtmp/body/chapter03.aux) (/Users/lei/Dropbox////.texpadtmp/body/chapter04.aux) (/Users/lei/Dropbox////.texpadtmp/body/chapter05.aux) (/Users/lei/Dropbox////.texpadtmp/body/chapter05_a.aux) (/Users/lei/Dropbox////.texpadtmp/body/chapter06.aux)
(/Users/lei/Dropbox////.texpadtmp/body/chapter07.aux) (/Users/lei/Dropbox////.texpadtmp/body/chapter07_a.aux) (/Users/lei/Dropbox////.texpadtmp/body/chapter08.aux) (/Users/lei/Dropbox////.texpadtmp/body/chapter09.aux) (/Users/lei/Dropbox////.texpadtmp/body/conclusion.aux) (/Users/lei/Dropbox////.texpadtmp/body/pub.aux) (/Users/lei/Dropbox////.texpadtmp/body/ack.aux))
\openout1 = `diss.aux'.

LaTeX Font Info:    Checking defaults for OML/cmm/m/it on input line 63.
LaTeX Font Info:    ... okay on input line 63.
LaTeX Font Info:    Checking defaults for T1/cmr/m/n on input line 63.
LaTeX Font Info:    ... okay on input line 63.
LaTeX Font Info:    Checking defaults for OT1/cmr/m/n on input line 63.
LaTeX Font Info:    ... okay on input line 63.
LaTeX Font Info:    Checking defaults for OMS/cmsy/m/n on input line 63.
LaTeX Font Info:    ... okay on input line 63.
LaTeX Font Info:    Checking defaults for OMX/cmex/m/n on input line 63.
LaTeX Font Info:    ... okay on input line 63.
LaTeX Font Info:    Checking defaults for U/cmr/m/n on input line 63.
LaTeX Font Info:    ... okay on input line 63.
LaTeX Font Info:    Checking defaults for TS1/cmr/m/n on input line 63.
LaTeX Font Info:    ... okay on input line 63.
LaTeX Font Info:    Checking defaults for EU1/lmr/m/n on input line 63.
LaTeX Font Info:    ... okay on input line 63.
LaTeX Font Info:    Checking defaults for T3/cmr/m/n on input line 63.
LaTeX Font Info:    Try loading font information for T3+cmr on input line 63.
 (/usr/local/texlive/2012/texmf-dist/tex/latex/tipa/t3cmr.fd
File: t3cmr.fd 2001/12/31 TIPA font definitions
)
LaTeX Font Info:    ... okay on input line 63.
LaTeX Font Info:    Checking defaults for PD1/pdf/m/n on input line 63.
LaTeX Font Info:    ... okay on input line 63.
LaTeX Font Info:    Checking defaults for PU/pdf/m/n on input line 63.
LaTeX Font Info:    ... okay on input line 63.
.................................................
. fontspec info: "setup-math"
. 
. Adjusting the maths setup (use [no-math] to avoid this).
.................................................
\symlegacymaths=\mathgroup12
LaTeX Font Info:    Overwriting symbol font `legacymaths' in version `bold'
(Font)                  OT1/cmr/m/n --> OT1/cmr/bx/n on input line 63.
LaTeX Font Info:    Redeclaring math accent \acute on input line 63.
LaTeX Font Info:    Redeclaring math accent \grave on input line 63.
LaTeX Font Info:    Redeclaring math accent \ddot on input line 63.
LaTeX Font Info:    Redeclaring math accent \tilde on input line 63.
LaTeX Font Info:    Redeclaring math accent \bar on input line 63.
LaTeX Font Info:    Redeclaring math accent \breve on input line 63.
LaTeX Font Info:    Redeclaring math accent \check on input line 63.
LaTeX Font Info:    Redeclaring math accent \hat on input line 63.
LaTeX Font Info:    Redeclaring math accent \dot on input line 63.
LaTeX Font Info:    Redeclaring math accent \mathring on input line 63.
LaTeX Font Info:    Redeclaring math symbol \Gamma on input line 63.
LaTeX Font Info:    Redeclaring math symbol \Delta on input line 63.
LaTeX Font Info:    Redeclaring math symbol \Theta on input line 63.
LaTeX Font Info:    Redeclaring math symbol \Lambda on input line 63.
LaTeX Font Info:    Redeclaring math symbol \Xi on input line 63.
LaTeX Font Info:    Redeclaring math symbol \Pi on input line 63.
LaTeX Font Info:    Redeclaring math symbol \Sigma on input line 63.
LaTeX Font Info:    Redeclaring math symbol \Upsilon on input line 63.
LaTeX Font Info:    Redeclaring math symbol \Phi on input line 63.
LaTeX Font Info:    Redeclaring math symbol \Psi on input line 63.
LaTeX Font Info:    Redeclaring math symbol \Omega on input line 63.
LaTeX Font Info:    Redeclaring math symbol \mathdollar on input line 63.
LaTeX Font Info:    Redeclaring symbol font `operators' on input line 63.
LaTeX Font Info:    Encoding `OT1' has changed to `EU1' for symbol font
(Font)              `operators' in the math version `normal' on input line 63.
LaTeX Font Info:    Overwriting symbol font `operators' in version `normal'
(Font)                  OT1/cmr/m/n --> EU1/TeXGyreTermes(0)/m/n on input line 63.
LaTeX Font Info:    Encoding `OT1' has changed to `EU1' for symbol font
(Font)              `operators' in the math version `bold' on input line 63.
LaTeX Font Info:    Overwriting symbol font `operators' in version `bold'
(Font)                  OT1/cmr/bx/n --> EU1/TeXGyreTermes(0)/m/n on input line 63.
LaTeX Font Info:    Overwriting symbol font `operators' in version `normal'
(Font)                  EU1/TeXGyreTermes(0)/m/n --> EU1/TeXGyreTermes(0)/m/n on input line 63.
LaTeX Font Info:    Overwriting math alphabet `\mathrm' in version `normal'
(Font)                  EU1/TeXGyreTermes(0)/m/n --> EU1/TeXGyreTermes(0)/m/n on input line 63.
LaTeX Font Info:    Overwriting math alphabet `\mathit' in version `normal'
(Font)                  OT1/cmr/m/it --> EU1/TeXGyreTermes(0)/m/it on input line 63.
LaTeX Font Info:    Overwriting math alphabet `\mathbf' in version `normal'
(Font)                  OT1/cmr/bx/n --> EU1/TeXGyreTermes(0)/bx/n on input line 63.
LaTeX Font Info:    Overwriting math alphabet `\mathsf' in version `normal'
(Font)                  OT1/cmss/m/n --> EU1/lmss/m/n on input line 63.
LaTeX Font Info:    Overwriting math alphabet `\mathtt' in version `normal'
(Font)                  OT1/cmtt/m/n --> EU1/lmtt/m/n on input line 63.
LaTeX Font Info:    Overwriting symbol font `operators' in version `bold'
(Font)                  EU1/TeXGyreTermes(0)/m/n --> EU1/TeXGyreTermes(0)/bx/n on input line 63.
LaTeX Font Info:    Overwriting math alphabet `\mathrm' in version `bold'
(Font)                  EU1/TeXGyreTermes(0)/m/n --> EU1/TeXGyreTermes(0)/bx/n on input line 63.
LaTeX Font Info:    Overwriting math alphabet `\mathit' in version `bold'
(Font)                  OT1/cmr/bx/it --> EU1/TeXGyreTermes(0)/bx/it on input line 63.
LaTeX Font Info:    Overwriting math alphabet `\mathsf' in version `bold'
(Font)                  OT1/cmss/bx/n --> EU1/lmss/bx/n on input line 63.
LaTeX Font Info:    Overwriting math alphabet `\mathtt' in version `bold'
(Font)                  OT1/cmtt/m/n --> EU1/lmtt/bx/n on input line 63.

*geometry* driver: auto-detecting
*geometry* detected driver: xetex
*geometry* verbose mode - [ preamble ] result:
* driver: xetex
* paper: a4paper
* layout: <same size as paper>
* layoutoffset:(h,v)=(0.0pt,0.0pt)
* modes: twoside 
* h-part:(L,W,R)=(73.97733pt, 449.55322pt, 73.97733pt)
* v-part:(T,H,B)=(99.58464pt, 671.48488pt, 73.97733pt)
* \paperwidth=597.50787pt
* \paperheight=845.04684pt
* \textwidth=449.55322pt
* \textheight=671.48488pt
* \oddsidemargin=1.70734pt
* \evensidemargin=1.70734pt
* \topmargin=-4.55914pt
* \headheight=12.0pt
* \headsep=19.8738pt
* \topskip=12.0pt
* \footskip=30.0pt
* \marginparwidth=88.0pt
* \marginparsep=7.0pt
* \columnsep=10.0pt
* \skip\footins=10.8pt plus 4.0pt minus 2.0pt
* \hoffset=0.0pt
* \voffset=0.0pt
* \mag=1000
* \@twocolumnfalse
* \@twosidetrue
* \@mparswitchtrue
* \@reversemarginfalse
* (1in=72.27pt=25.4mm, 1cm=28.453pt)

\c@lstlisting=\count327
\AtBeginShipoutBox=\box52
Package hyperref Info: Link coloring ON on input line 63.
(/usr/local/texlive/2012/texmf-dist/tex/latex/hyperref/nameref.sty
Package: nameref 2010/04/30 v2.40 Cross-referencing by name of section
 (/usr/local/texlive/2012/texmf-dist/tex/generic/oberdiek/gettitlestring.sty
Package: gettitlestring 2010/12/03 v1.4 Cleanup title references (HO)
)
\c@section@level=\count328
)
LaTeX Info: Redefining \ref on input line 63.
LaTeX Info: Redefining \pageref on input line 63.
LaTeX Info: Redefining \nameref on input line 63.
 (/Users/lei/Dropbox////.texpadtmp/diss.out) (/Users/lei/Dropbox////.texpadtmp/diss.out)
\@outlinefile=\write3
\openout3 = `diss.out'.

LaTeX Font Info:    Try loading font information for U+msa on input line 94.
 (/usr/local/texlive/2012/texmf-dist/tex/latex/amsfonts/umsa.fd
File: umsa.fd 2009/06/22 v3.00 AMS symbols A
)
LaTeX Font Info:    Try loading font information for U+msb on input line 94.
 (/usr/local/texlive/2012/texmf-dist/tex/latex/amsfonts/umsb.fd
File: umsb.fd 2009/06/22 v3.00 AMS symbols B
)
LaTeX Font Info:    Try loading font information for U+rsfs on input line 94.
 (/usr/local/texlive/2012/texmf-dist/tex/latex/jknapltx/ursfs.fd
File: ursfs.fd 1998/03/24 rsfs font definition file (jk)
)
LaTeX Font Info:    Try loading font information for U+wasy on input line 94.
 (/usr/local/texlive/2012/texmf-dist/tex/latex/wasysym/uwasy.fd
File: uwasy.fd 2003/10/30 v2.0 Wasy-2 symbol font definitions
)
\g_fontspec_family_Adobe Heiti Std_int=\count329
.................................................
. fontspec info: "defining-font"
. 
. Font family 'AdobeHeitiStd(0)' created for font 'Adobe Heiti Std' with
. options
. [Ligatures=TeX,BoldFeatures={FakeBold={4.000000000}},BoldItalicFeatures={FakeBold={4.000000000}},BoldSlantedFeatures={FakeBold={4.000000000}},BoldFont={*},ItalicFont={*},BoldItalicFont={*},SlantedFont={*},BoldSlantedFont={*}].
. 
. This font family consists of the following shapes:
. 
. * 'normal' with NFSS spec.:
. <->"Adobe Heiti Std/ICU:script=latn;language=DFLT;mapping=tex-text;"
. 
. * 'bold' with NFSS spec.:
. <->"Adobe Heiti
. Std/ICU:script=latn;language=DFLT;mapping=tex-text;embolden=4.000000000;"
. 
. * 'italic' with NFSS spec.:
. <->"Adobe Heiti Std/ICU:script=latn;language=DFLT;mapping=tex-text;"
. 
. * 'sl/' with NFSS spec.:
. <->"Adobe Heiti Std/ICU:script=latn;language=DFLT;mapping=tex-text;"
. 
. * 'bold italic' with NFSS spec.:
. <->"Adobe Heiti
. Std/ICU:script=latn;language=DFLT;mapping=tex-text;embolden=4.000000000;"
. 
. * 'sl/,FakeBold={4.000000000}' with NFSS spec.:
. <->"Adobe Heiti
. Std/ICU:script=latn;language=DFLT;mapping=tex-text;embolden=4.000000000;"
.................................................
File: QDU.pdf Graphic file (type QTm)
 <use  "QDU.pdf" >

LaTeX Font Warning: Font shape `U/rsfs/m/n' in size <42.16> not available
(Font)              size <24.88> substituted on input line 94.


LaTeX Font Warning: Font shape `U/rsfs/m/n' in size <26.1> not available
(Font)              size <24.88> substituted on input line 94.


LaTeX Font Warning: Font shape `U/rsfs/m/n' in size <22.08> not available
(Font)              size <20.74> substituted on input line 94.


LaTeX Font Warning: Font shape `U/wasy/m/n' in size <42.16> not available
(Font)              size <24.88> substituted on input line 94.


LaTeX Font Warning: Font shape `U/wasy/m/n' in size <26.1> not available
(Font)              size <24.88> substituted on input line 94.


LaTeX Font Warning: Font shape `U/wasy/m/n' in size <22.08> not available
(Font)              size <20.74> substituted on input line 94.


LaTeX Warning: Command \nobreakspace invalid in math mode on input line 94.


LaTeX Warning: Command \nobreakspace invalid in math mode on input line 94.


LaTeX Warning: Command \nobreakspace invalid in math mode on input line 94.


LaTeX Warning: Command \nobreakspace invalid in math mode on input line 94.


LaTeX Warning: Command \nobreakspace invalid in math mode on input line 94.

.................................................
. fontspec info: "defining-font"
. 
. Font family 'AdobeSongStd(1)' created for font 'Adobe Song Std' with options
. [Ligatures=TeX,BoldFeatures={FakeBold={4.000000000}},BoldItalicFeatures={FakeBold={4.000000000}},BoldSlantedFeatures={FakeBold={4.000000000}},BoldFont={*},ItalicFont={*},BoldItalicFont={*},SlantedFont={*},BoldSlantedFont={*}].
. 
. This font family consists of the following shapes:
. 
. * 'normal' with NFSS spec.:
. <->"Adobe Song Std/ICU:script=latn;language=DFLT;mapping=tex-text;"
. 
. * 'bold' with NFSS spec.:
. <->"Adobe Song
. Std/ICU:script=latn;language=DFLT;mapping=tex-text;embolden=4.000000000;"
. 
. * 'italic' with NFSS spec.:
. <->"Adobe Song Std/ICU:script=latn;language=DFLT;mapping=tex-text;"
. 
. * 'sl/' with NFSS spec.:
. <->"Adobe Song Std/ICU:script=latn;language=DFLT;mapping=tex-text;"
. 
. * 'bold italic' with NFSS spec.:
. <->"Adobe Song
. Std/ICU:script=latn;language=DFLT;mapping=tex-text;embolden=4.000000000;"
. 
. * 'sl/,FakeBold={4.000000000}' with NFSS spec.:
. <->"Adobe Song
. Std/ICU:script=latn;language=DFLT;mapping=tex-text;embolden=4.000000000;"
.................................................
\g_fontspec_family_Adobe Fangsong Std_int=\count330
.................................................
. fontspec info: "defining-font"
. 
. Font family 'AdobeFangsongStd(0)' created for font 'Adobe Fangsong Std' with
. options
. [Ligatures=TeX,BoldFeatures={FakeBold={4.000000000}},BoldItalicFeatures={FakeBold={4.000000000}},BoldSlantedFeatures={FakeBold={4.000000000}},BoldFont={*},ItalicFont={*},BoldItalicFont={*},SlantedFont={*},BoldSlantedFont={*}].
. 
. This font family consists of the following shapes:
. 
. * 'normal' with NFSS spec.:
. <->"Adobe Fangsong Std/ICU:script=latn;language=DFLT;mapping=tex-text;"
. 
. * 'bold' with NFSS spec.:
. <->"Adobe Fangsong
. Std/ICU:script=latn;language=DFLT;mapping=tex-text;embolden=4.000000000;"
. 
. * 'italic' with NFSS spec.:
. <->"Adobe Fangsong Std/ICU:script=latn;language=DFLT;mapping=tex-text;"
. 
. * 'sl/' with NFSS spec.:
. <->"Adobe Fangsong Std/ICU:script=latn;language=DFLT;mapping=tex-text;"
. 
. * 'bold italic' with NFSS spec.:
. <->"Adobe Fangsong
. Std/ICU:script=latn;language=DFLT;mapping=tex-text;embolden=4.000000000;"
. 
. * 'sl/,FakeBold={4.000000000}' with NFSS spec.:
. <->"Adobe Fangsong
. Std/ICU:script=latn;language=DFLT;mapping=tex-text;embolden=4.000000000;"
.................................................

LaTeX Font Warning: Font shape `U/rsfs/m/n' in size <10.54> not available
(Font)              size <10.95> substituted on input line 94.


LaTeX Font Warning: Font shape `U/rsfs/m/n' in size <7.53> not available
(Font)              size <8> substituted on input line 94.


LaTeX Font Warning: Font shape `U/wasy/m/n' in size <10.54> not available
(Font)              size <10.95> substituted on input line 94.


LaTeX Font Warning: Font shape `U/wasy/m/n' in size <7.53> not available
(Font)              size <8> substituted on input line 94.

.................................................
. fontspec info: "no-scripts"
. 
. Font STXinwei does not contain any OpenType `Script' information.
.................................................
\g_fontspec_family_STXinwei_int=\count331
.................................................
. fontspec info: "defining-font"
. 
. Font family 'STXinwei(0)' created for font 'STXinwei' with options
. [Ligatures=TeX,BoldFeatures={FakeBold={4.000000000}},BoldItalicFeatures={FakeBold={4.000000000}},BoldSlantedFeatures={FakeBold={4.000000000}},BoldFont={*},ItalicFont={*},BoldItalicFont={*},SlantedFont={*},BoldSlantedFont={*}].
. 
. This font family consists of the following shapes:
. 
. * 'normal' with NFSS spec.:
. <->"STXinwei/ICU:mapping=tex-text;"
. 
. * 'bold' with NFSS spec.:
. <->"STXinwei/ICU:mapping=tex-text;embolden=4.000000000;"
. 
. * 'italic' with NFSS spec.:
. <->"STXinwei/ICU:mapping=tex-text;"
. 
. * 'sl/' with NFSS spec.:
. <->"STXinwei/ICU:mapping=tex-text;"
. 
. * 'bold italic' with NFSS spec.:
. <->"STXinwei/ICU:mapping=tex-text;embolden=4.000000000;"
. 
. * 'sl/,FakeBold={4.000000000}' with NFSS spec.:
. <->"STXinwei/ICU:mapping=tex-text;embolden=4.000000000;"
.................................................
(/usr/local/texlive/2012/texmf-dist/tex/generic/oberdiek/se-ascii-print.def
File: se-ascii-print.def 2011/12/02 v1.10 stringenc: Printable ASCII characters
) [1


] [2


]
\openout2 = `body/abstract.aux'.

 (./body/abstract.tex [1



] [2

]) [3] [4


] (/Users/lei/Dropbox////.texpadtmp/diss.toc [5])
\tf@toc=\write4
\openout4 = `diss.toc'.

\c@definition=\count332
\c@theorem=\count333
\c@lemma=\count334
\c@proposition=\count335
\c@postulation=\count336
 [6]
\openout2 = `introduction.aux'.

 (./introduction.tex)

Package Fancyhdr Warning: \headheight is too small (12.0pt): 
 Make it at least 12.76237pt.
 We now make it that large for the rest of the document.
 This may cause the page layout to be inconsistent, however.

[1



]
\openout2 = `body/chapter01.aux'.

 (./body/chapter01.tex [2



]

)

Package Fancyhdr Warning: \headheight is too small (12.0pt): 
 Make it at least 12.84666pt.
 We now make it that large for the rest of the document.
 This may cause the page layout to be inconsistent, however.

[3]
\openout2 = `body/chapter02.aux'.

 (./body/chapter02.tex [4



]

)

Package Fancyhdr Warning: \headheight is too small (12.0pt): 
 Make it at least 12.84666pt.
 We now make it that large for the rest of the document.
 This may cause the page layout to be inconsistent, however.

[5] [6


]

Package Fancyhdr Warning: \headheight is too small (12.0pt): 
 Make it at least 12.64998pt.
 We now make it that large for the rest of the document.
 This may cause the page layout to be inconsistent, however.

[7] [8]
\openout2 = `body/chapter02_a.aux'.

 (./body/chapter02_a.tex

)

Package Fancyhdr Warning: \headheight is too small (12.0pt): 
 Make it at least 12.84666pt.
 We now make it that large for the rest of the document.
 This may cause the page layout to be inconsistent, however.

[9


]
\openout2 = `body/chapter03.aux'.

 (./body/chapter03.tex [10



]

File: paper-MPAR/send_to_box.pdf Graphic file (type QTm)
<use  "paper-MPAR/send_to_box.pdf" >
File: paper-MPAR/receive_from_box.pdf Graphic file (type QTm)
 <use  "paper-MPAR/receive_from_box.pdf" >
\g_fontspec_family_Adobe Kaiti Std_int=\count337
.................................................
. fontspec info: "defining-font"
. 
. Font family 'AdobeKaitiStd(0)' created for font 'Adobe Kaiti Std' with
. options
. [Ligatures=TeX,BoldFeatures={FakeBold={4.000000000}},BoldItalicFeatures={FakeBold={4.000000000}},BoldSlantedFeatures={FakeBold={4.000000000}},BoldFont={*},ItalicFont={*},BoldItalicFont={*},SlantedFont={*},BoldSlantedFont={*}].
. 
. This font family consists of the following shapes:
. 
. * 'normal' with NFSS spec.:
. <->"Adobe Kaiti Std/ICU:script=latn;language=DFLT;mapping=tex-text;"
. 
. * 'bold' with NFSS spec.:
. <->"Adobe Kaiti
. Std/ICU:script=latn;language=DFLT;mapping=tex-text;embolden=4.000000000;"
. 
. * 'italic' with NFSS spec.:
. <->"Adobe Kaiti Std/ICU:script=latn;language=DFLT;mapping=tex-text;"
. 
. * 'sl/' with NFSS spec.:
. <->"Adobe Kaiti Std/ICU:script=latn;language=DFLT;mapping=tex-text;"
. 
. * 'bold italic' with NFSS spec.:
. <->"Adobe Kaiti
. Std/ICU:script=latn;language=DFLT;mapping=tex-text;embolden=4.000000000;"
. 
. * 'sl/,FakeBold={4.000000000}' with NFSS spec.:
. <->"Adobe Kaiti
. Std/ICU:script=latn;language=DFLT;mapping=tex-text;embolden=4.000000000;"
.................................................

Underfull \vbox (badness 10000) has occurred while \output is active []



Package Fancyhdr Warning: \headheight is too small (12.0pt): 
 Make it at least 12.84666pt.
 We now make it that large for the rest of the document.
 This may cause the page layout to be inconsistent, however.

[11]

Package Fancyhdr Warning: \headheight is too small (12.0pt): 
 Make it at least 12.9099pt.
 We now make it that large for the rest of the document.
 This may cause the page layout to be inconsistent, however.

[12]
File: paper-MPAR/time_slots.pdf Graphic file (type QTm)
 <use  "paper-MPAR/time_slots.pdf" >
LaTeX Font Info:    Try loading font information for U+bbold on input line 42.
 (/usr/local/texlive/2012/texmf-dist/tex/latex/bbold/Ubbold.fd)
LaTeX Font Info:    Calculating math sizes for size <8.43495> on input line 52.


LaTeX Font Warning: Font shape `U/rsfs/m/n' in size <8.43495> not available
(Font)              size <8> substituted on input line 52.


LaTeX Font Warning: Font shape `U/rsfs/m/n' in size <4.21747> not available
(Font)              size <5> substituted on input line 52.


LaTeX Font Warning: Font shape `U/wasy/m/n' in size <8.43495> not available
(Font)              size <8> substituted on input line 52.


LaTeX Font Warning: Font shape `U/wasy/m/n' in size <4.21747> not available
(Font)              size <5> substituted on input line 52.


LaTeX Font Warning: Font shape `U/bbold/m/n' in size <8.43495> not available
(Font)              size <8> substituted on input line 52.


LaTeX Font Warning: Font shape `U/bbold/m/n' in size <4.21747> not available
(Font)              size <5> substituted on input line 52.


LaTeX Font Warning: Command \small invalid in math mode on input line 53.


LaTeX Font Warning: Font shape `U/bbold/m/n' in size <10.54> not available
(Font)              size <10.95> substituted on input line 53.


Package Fancyhdr Warning: \headheight is too small (12.0pt): 
 Make it at least 12.84666pt.
 We now make it that large for the rest of the document.
 This may cause the page layout to be inconsistent, however.

[13]
LaTeX Font Info:    Try loading font information for U+bbm on input line 73.
 (/usr/local/texlive/2012/texmf-dist/tex/latex/bbm-macros/ubbm.fd
File: ubbm.fd 1999/03/15 V 1.2 Font definition for bbm font - TH
)
File: paper-MPAR/example1.pdf Graphic file (type QTm)
 <use  "paper-MPAR/example1.pdf" >

Package Fancyhdr Warning: \headheight is too small (12.0pt): 
 Make it at least 12.9099pt.
 We now make it that large for the rest of the document.
 This may cause the page layout to be inconsistent, however.

[14]

LaTeX Font Warning: Font shape `U/bbm/m/n' in size <8.43495> not available
(Font)              size <8> substituted on input line 118.


LaTeX Font Warning: Font shape `U/bbm/m/n' in size <4.21747> not available
(Font)              size <5> substituted on input line 118.


Package Fancyhdr Warning: \headheight is too small (12.0pt): 
 Make it at least 12.84666pt.
 We now make it that large for the rest of the document.
 This may cause the page layout to be inconsistent, however.

[15]
Underfull \hbox (badness 10000) in paragraph at lines 178--179

 []


Package Fancyhdr Warning: \headheight is too small (12.0pt): 
 Make it at least 12.9099pt.
 We now make it that large for the rest of the document.
 This may cause the page layout to be inconsistent, however.

[16]

Package Fancyhdr Warning: \headheight is too small (12.0pt): 
 Make it at least 12.84666pt.
 We now make it that large for the rest of the document.
 This may cause the page layout to be inconsistent, however.

[17]

Package Fancyhdr Warning: \headheight is too small (12.0pt): 
 Make it at least 12.9099pt.
 We now make it that large for the rest of the document.
 This may cause the page layout to be inconsistent, however.

[18]

Package Fancyhdr Warning: \headheight is too small (12.0pt): 
 Make it at least 12.84666pt.
 We now make it that large for the rest of the document.
 This may cause the page layout to be inconsistent, however.

[19]
Overfull \hbox (0.50267pt too wide) detected at line 315
 []$[]  \OML/cmm/m/it/12.05 f\OT1/cmr/m/n/12.05 ([]) = [] \OML/cmm/m/it/12.05 x[] [] []  $ 
 []


Overfull \hbox (26.05835pt too wide) in paragraph at lines 308--317
\EU1/AdobeSongStd(0)/m/it/12.05  [] 
 []


LaTeX Warning: Command \nobreakspace invalid in math mode on input line 324.


LaTeX Font Warning: Font shape `U/rsfs/m/n' in size <15.06> not available
(Font)              size <14.4> substituted on input line 337.


LaTeX Font Warning: Font shape `U/wasy/m/n' in size <15.06> not available
(Font)              size <14.4> substituted on input line 337.


LaTeX Font Warning: Font shape `U/bbm/m/n' in size <15.06> not available
(Font)              size <14.4> substituted on input line 337.


LaTeX Font Warning: Font shape `U/bbold/m/n' in size <15.06> not available
(Font)              size <14.4> substituted on input line 337.


Package hyperref Warning: Token not allowed in a PDF string (Unicode):
(hyperref)                removing `math shift' on input line 337.


Package hyperref Warning: Token not allowed in a PDF string (Unicode):
(hyperref)                removing `subscript' on input line 337.


Package hyperref Warning: Token not allowed in a PDF string (Unicode):
(hyperref)                removing `math shift' on input line 337.


Package Fancyhdr Warning: \headheight is too small (12.0pt): 
 Make it at least 12.9099pt.
 We now make it that large for the rest of the document.
 This may cause the page layout to be inconsistent, however.

[20]

LaTeX Warning: Command \nobreakspace invalid in math mode on input line 352.


LaTeX Warning: Command \nobreakspace invalid in math mode on input line 352.


LaTeX Warning: Command \nobreakspace invalid in math mode on input line 352.


LaTeX Warning: Command \nobreakspace invalid in math mode on input line 365.


LaTeX Warning: Command \nobreakspace invalid in math mode on input line 365.


LaTeX Warning: Command \nobreakspace invalid in math mode on input line 365.


LaTeX Warning: Command \nobreakspace invalid in math mode on input line 365.


LaTeX Warning: Command \nobreakspace invalid in math mode on input line 392.


LaTeX Warning: Command \nobreakspace invalid in math mode on input line 400.


Package Fancyhdr Warning: \headheight is too small (12.0pt): 
 Make it at least 12.84666pt.
 We now make it that large for the rest of the document.
 This may cause the page layout to be inconsistent, however.

[21]

LaTeX Warning: Command \nobreakspace invalid in math mode on input line 436.


LaTeX Warning: Command \nobreakspace invalid in math mode on input line 436.


Package Fancyhdr Warning: \headheight is too small (12.0pt): 
 Make it at least 12.9099pt.
 We now make it that large for the rest of the document.
 This may cause the page layout to be inconsistent, however.

[22]
Package hyperref Info: bookmark level for unknown algorithm defaults to 0 on input line 546.


Package Fancyhdr Warning: \headheight is too small (12.0pt): 
 Make it at least 12.84666pt.
 We now make it that large for the rest of the document.
 This may cause the page layout to be inconsistent, however.

[23]

Package Fancyhdr Warning: \headheight is too small (12.0pt): 
 Make it at least 12.9099pt.
 We now make it that large for the rest of the document.
 This may cause the page layout to be inconsistent, however.

[24]

LaTeX Warning: Command \nobreakspace invalid in math mode on input line 610.


LaTeX Warning: Command \nobreakspace invalid in math mode on input line 610.


LaTeX Warning: Command \nobreakspace invalid in math mode on input line 610.


LaTeX Warning: Command \nobreakspace invalid in math mode on input line 610.

File: paper-MPAR/hypercube.pdf Graphic file (type QTm)
<use  "paper-MPAR/hypercube.pdf" >

LaTeX Warning: Reference `' on page 25 undefined on input line 628.


Package Fancyhdr Warning: \headheight is too small (12.0pt): 
 Make it at least 12.84666pt.
 We now make it that large for the rest of the document.
 This may cause the page layout to be inconsistent, however.

[25]

LaTeX Warning: Command \nobreakspace invalid in math mode on input line 653.


LaTeX Warning: Command \nobreakspace invalid in math mode on input line 653.


LaTeX Warning: Command \nobreakspace invalid in math mode on input line 657.


LaTeX Warning: Command \nobreakspace invalid in math mode on input line 657.


Package Fancyhdr Warning: \headheight is too small (12.0pt): 
 Make it at least 12.9099pt.
 We now make it that large for the rest of the document.
 This may cause the page layout to be inconsistent, however.

[26]
Underfull \hbox (badness 10000) in paragraph at lines 685--687

 []


LaTeX Warning: Command \nobreakspace invalid in math mode on input line 702.


Package Fancyhdr Warning: \headheight is too small (12.0pt): 
 Make it at least 12.84666pt.
 We now make it that large for the rest of the document.
 This may cause the page layout to be inconsistent, however.

[27]

Package Fancyhdr Warning: \headheight is too small (12.0pt): 
 Make it at least 12.9099pt.
 We now make it that large for the rest of the document.
 This may cause the page layout to be inconsistent, however.

[28]

Package natbib Warning: Citation `Vahdat2000' on page 29 undefined on input line 1023.

)
Underfull \vbox (badness 10000) has occurred while \output is active []



Package Fancyhdr Warning: \headheight is too small (12.0pt): 
 Make it at least 12.84666pt.
 We now make it that large for the rest of the document.
 This may cause the page layout to be inconsistent, however.

[29]

Package Fancyhdr Warning: \headheight is too small (12.0pt): 
 Make it at least 12.9099pt.
 We now make it that large for the rest of the document.
 This may cause the page layout to be inconsistent, however.

[30]
\openout2 = `body/chapter04.aux'.

 (./body/chapter04.tex

)

Package Fancyhdr Warning: \headheight is too small (12.0pt): 
 Make it at least 12.84666pt.
 We now make it that large for the rest of the document.
 This may cause the page layout to be inconsistent, however.

[31



]
\openout2 = `body/chapter05.aux'.

 (./body/chapter05.tex [32



]

)

Package Fancyhdr Warning: \headheight is too small (12.0pt): 
 Make it at least 12.84666pt.
 We now make it that large for the rest of the document.
 This may cause the page layout to be inconsistent, however.

[33] [34


]

Package Fancyhdr Warning: \headheight is too small (12.0pt): 
 Make it at least 12.64998pt.
 We now make it that large for the rest of the document.
 This may cause the page layout to be inconsistent, however.

[35] [36]
\openout2 = `body/chapter05_a.aux'.

 (./body/chapter05_a.tex

)

Package Fancyhdr Warning: \headheight is too small (12.0pt): 
 Make it at least 12.84666pt.
 We now make it that large for the rest of the document.
 This may cause the page layout to be inconsistent, however.

[37


]
\openout2 = `body/chapter06.aux'.

 (./body/chapter06.tex [38



]

)

Package Fancyhdr Warning: \headheight is too small (12.0pt): 
 Make it at least 12.84666pt.
 We now make it that large for the rest of the document.
 This may cause the page layout to be inconsistent, however.

[39]
\openout2 = `body/chapter07.aux'.

 (./body/chapter07.tex [40



]

)

Package Fancyhdr Warning: \headheight is too small (12.0pt): 
 Make it at least 12.84666pt.
 We now make it that large for the rest of the document.
 This may cause the page layout to be inconsistent, however.

[41] [42


]

Package Fancyhdr Warning: \headheight is too small (12.0pt): 
 Make it at least 12.64998pt.
 We now make it that large for the rest of the document.
 This may cause the page layout to be inconsistent, however.

[43] [44]
\openout2 = `body/chapter07_a.aux'.

 (./body/chapter07_a.tex

)

Package Fancyhdr Warning: \headheight is too small (12.0pt): 
 Make it at least 12.84666pt.
 We now make it that large for the rest of the document.
 This may cause the page layout to be inconsistent, however.

[45


]
\openout2 = `body/chapter08.aux'.

 (./body/chapter08.tex [46



]

)

Package Fancyhdr Warning: \headheight is too small (12.0pt): 
 Make it at least 12.85721pt.
 We now make it that large for the rest of the document.
 This may cause the page layout to be inconsistent, however.

[47]
\openout2 = `body/chapter09.aux'.

 (./body/chapter09.tex [48



]

)

Package Fancyhdr Warning: \headheight is too small (12.0pt): 
 Make it at least 12.84666pt.
 We now make it that large for the rest of the document.
 This may cause the page layout to be inconsistent, however.

[49]
\openout2 = `body/conclusion.aux'.

 (./body/conclusion.tex [50



])

Package Fancyhdr Warning: \headheight is too small (12.0pt): 
 Make it at least 12.7729pt.
 We now make it that large for the rest of the document.
 This may cause the page layout to be inconsistent, however.

[51] [52


] (/Users/lei/Dropbox////.texpadtmp/diss.bbl
LaTeX Font Info:    Try loading font information for EU1+lmtt on input line 18.
 (/usr/local/texlive/2012/texmf-dist/tex/latex/euenc/eu1lmtt.fd
File: eu1lmtt.fd 2009/10/30 v1.6 Font defs for Latin Modern
)
.................................................
. fontspec info: "defining-font"
. 
. Font family 'AdobeFangsongStd(0)' created for font 'Adobe Fangsong Std' with
. options
. [Ligatures=TeX,BoldFeatures={FakeBold={4.000000000}},BoldItalicFeatures={FakeBold={4.000000000}},BoldSlantedFeatures={FakeBold={4.000000000}},BoldFont={*},ItalicFont={*},BoldItalicFont={*},SlantedFont={*},BoldSlantedFont={*}].
. 
. This font family consists of the following shapes:
.................................................
)

Package Fancyhdr Warning: \headheight is too small (12.0pt): 
 Make it at least 12.80452pt.
 We now make it that large for the rest of the document.
 This may cause the page layout to be inconsistent, however.

[53

] [54

] (/Users/lei/Dropbox////.texpadtmp/diss.lot)
\tf@lot=\write5
\openout5 = `diss.lot'.



Package Fancyhdr Warning: \headheight is too small (12.0pt): 
 Make it at least 12.79398pt.
 We now make it that large for the rest of the document.
 This may cause the page layout to be inconsistent, however.

[55] [56

] (/Users/lei/Dropbox////.texpadtmp/diss.lof)
\tf@lof=\write6
\openout6 = `diss.lof'.



Package Fancyhdr Warning: \headheight is too small (12.0pt): 
 Make it at least 12.80452pt.
 We now make it that large for the rest of the document.
 This may cause the page layout to be inconsistent, however.

[57] [58

] (/Users/lei/Dropbox////.texpadtmp/diss.loa)
\tf@loa=\write7
\openout7 = `diss.loa'.



Package Fancyhdr Warning: \headheight is too small (12.0pt): 
 Make it at least 12.64998pt.
 We now make it that large for the rest of the document.
 This may cause the page layout to be inconsistent, however.

[59]
\openout2 = `body/pub.aux'.

 (./body/pub.tex [60


])

Package Fancyhdr Warning: \headheight is too small (12.0pt): 
 Make it at least 12.80452pt.
 We now make it that large for the rest of the document.
 This may cause the page layout to be inconsistent, however.

[61]
\openout2 = `body/ack.aux'.

 (./body/ack.tex [62



]

Package hyperref Warning: Token not allowed in a PDF string (Unicode):
(hyperref)                \hskip 12.05pt
(hyperref)                replaced by space on input line 10.


Package hyperref Warning: Token not allowed in a PDF string (Unicode):
(hyperref)                \hskip 12.05pt
(hyperref)                replaced by space on input line 10.

)

Package Fancyhdr Warning: \headheight is too small (12.0pt): 
 Make it at least 12.79398pt.
 We now make it that large for the rest of the document.
 This may cause the page layout to be inconsistent, however.

[63] [64


]
Underfull \hbox (badness 10000) in paragraph at lines 201--201

 []


Underfull \hbox (badness 10000) in paragraph at lines 201--201

 []


Underfull \hbox (badness 10000) in paragraph at lines 201--201

 []


Underfull \hbox (badness 10000) in paragraph at lines 201--201

 []


Underfull \hbox (badness 10000) in paragraph at lines 201--201

 []


Package Fancyhdr Warning: \headheight is too small (12.0pt): 
 Make it at least 12.9415pt.
 We now make it that large for the rest of the document.
 This may cause the page layout to be inconsistent, however.

[65] [66


]

Package natbib Warning: There were undefined citations.

Package atveryend Info: Empty hook `BeforeClearDocument' on input line 203.
Package atveryend Info: Empty hook `AfterLastShipout' on input line 203.
(/Users/lei/Dropbox////.texpadtmp/diss.aux (/Users/lei/Dropbox////.texpadtmp/body/abstract.aux) (/Users/lei/Dropbox////.texpadtmp/introduction.aux) (/Users/lei/Dropbox////.texpadtmp/body/chapter01.aux) (/Users/lei/Dropbox////.texpadtmp/body/chapter02.aux) (/Users/lei/Dropbox////.texpadtmp/body/chapter02_a.aux) (/Users/lei/Dropbox////.texpadtmp/body/chapter03.aux) (/Users/lei/Dropbox////.texpadtmp/body/chapter04.aux) (/Users/lei/Dropbox////.texpadtmp/body/chapter05.aux) (/Users/lei/Dropbox////.texpadtmp/body/chapter05_a.aux) (/Users/lei/Dropbox////.texpadtmp/body/chapter06.aux) (/Users/lei/Dropbox////.texpadtmp/body/chapter07.aux) (/Users/lei/Dropbox////.texpadtmp/body/chapter07_a.aux) (/Users/lei/Dropbox////.texpadtmp/body/chapter08.aux) (/Users/lei/Dropbox////.texpadtmp/body/chapter09.aux) (/Users/lei/Dropbox////.texpadtmp/body/conclusion.aux) (/Users/lei/Dropbox////.texpadtmp/body/pub.aux) (/Users/lei/Dropbox////.texpadtmp/body/ack.aux))
Package atveryend Info: Empty hook `AtVeryEndDocument' on input line 203.
Package atveryend Info: Empty hook `AtEndAfterFileList' on input line 203.


LaTeX Font Warning: Size substitutions with differences
(Font)              up to 17.28pt have occurred.


LaTeX Warning: There were undefined references.

 ) 
Here is how much of TeX's memory you used:
 28113 strings out of 494004
 542818 string characters out of 3150891
 626127 words of memory out of 3000000
 30648 multiletter control sequences out of 15000+200000
 69426 words of font info for 359 fonts, out of 3000000 for 9000
 1144 hyphenation exceptions out of 8191
 61i,26n,47p,881b,576s stack positions out of 5000i,500n,10000p,200000b,50000s

Output written on /Users/lei/Dropbox////.texpadtmp/diss.pdf (74 pages).
