\BOOKMARK [0][-]{chapter*.4}{引言}{}% 1
\BOOKMARK [0][-]{chapter.1}{第一章  研究现状}{}% 2
\BOOKMARK [1][-]{section.1.1}{1.1 单播路由}{chapter.1}% 3
\BOOKMARK [2][-]{subsection.1.1.1}{1.1.1 复制策略}{section.1.1}% 4
\BOOKMARK [2][-]{subsection.1.1.2}{1.1.2 转发策略}{section.1.1}% 5
\BOOKMARK [2][-]{subsection.1.1.3}{1.1.3 混合策略}{section.1.1}% 6
\BOOKMARK [2][-]{subsection.1.1.4}{1.1.4 基础设施辅助策略}{section.1.1}% 7
\BOOKMARK [2][-]{subsection.1.1.5}{1.1.5 编码策略}{section.1.1}% 8
\BOOKMARK [1][-]{section.1.2}{1.2 多播路由}{chapter.1}% 9
\BOOKMARK [0][-]{chapter.2}{第二章  论文工作总览}{}% 10
\BOOKMARK [0][-]{chapter.3}{第三章  基于移动模式最优节点群组选取的路由算法}{}% 11
\BOOKMARK [1][-]{section.3.1}{3.1 系统模型及基本定义}{chapter.3}% 12
\BOOKMARK [2][-]{subsection.3.1.1}{3.1.1 网络模型}{section.3.1}% 13
\BOOKMARK [2][-]{subsection.3.1.2}{3.1.2 基本定义}{section.3.1}% 14
\BOOKMARK [1][-]{section.3.2}{3.2 路由问题概览}{chapter.3}% 15
\BOOKMARK [2][-]{subsection.3.2.1}{3.2.1 移动模式}{section.3.2}% 16
\BOOKMARK [2][-]{subsection.3.2.2}{3.2.2 路由相关的两个关键属性}{section.3.2}% 17
\BOOKMARK [2][-]{subsection.3.2.3}{3.2.3 路由问题形式化定义}{section.3.2}% 18
\BOOKMARK [1][-]{section.3.3}{3.3 Nopt搜索问题分析}{chapter.3}% 19
\BOOKMARK [2][-]{subsection.3.3.1}{3.3.1 计算复杂性证明}{section.3.3}% 20
\BOOKMARK [2][-]{subsection.3.3.2}{3.3.2 局部陷阱}{section.3.3}% 21
\BOOKMARK [2][-]{subsection.3.3.3}{3.3.3 基于禁忌搜索的求解方法}{section.3.3}% 22
\BOOKMARK [1][-]{section.3.4}{3.4 最优化路由算法}{chapter.3}% 23
\BOOKMARK [2][-]{subsection.3.4.1}{3.4.1 Local-MPAR:基于局部搜索的路由算法}{section.3.4}% 24
\BOOKMARK [2][-]{subsection.3.4.2}{3.4.2 Tabu-MPAR:基于禁忌搜索的路由算法}{section.3.4}% 25
\BOOKMARK [1][-]{section.3.5}{3.5 仿真实验}{chapter.3}% 26
\BOOKMARK [2][-]{subsection.3.5.1}{3.5.1 改变消息生存时间}{section.3.5}% 27
\BOOKMARK [2][-]{subsection.3.5.2}{3.5.2 改变节点缓存大小}{section.3.5}% 28
\BOOKMARK [1][-]{section.3.6}{3.6 本章小结}{chapter.3}% 29
\BOOKMARK [0][-]{chapter.4}{第四章  基于消息传输收益的最优队列调度算法}{}% 30
\BOOKMARK [1][-]{section.4.1}{4.1 系统模型}{chapter.4}% 31
\BOOKMARK [1][-]{section.4.2}{4.2 问题形式化}{chapter.4}% 32
\BOOKMARK [2][-]{subsection.4.2.1}{4.2.1 问题目标}{section.4.2}% 33
\BOOKMARK [2][-]{subsection.4.2.2}{4.2.2 吞吐量预测}{section.4.2}% 34
\BOOKMARK [2][-]{subsection.4.2.3}{4.2.3 问题定义}{section.4.2}% 35
\BOOKMARK [1][-]{section.4.3}{4.3 基于数据项选择的改进路由}{chapter.4}% 36
\BOOKMARK [2][-]{subsection.4.3.1}{4.3.1 动态规划求解}{section.4.3}% 37
\BOOKMARK [2][-]{subsection.4.3.2}{4.3.2 路由协议描述}{section.4.3}% 38
\BOOKMARK [1][-]{section.4.4}{4.4 仿真实验}{chapter.4}% 39
\BOOKMARK [2][-]{subsection.4.4.1}{4.4.1 Cambridge-iMote场景仿真}{section.4.4}% 40
\BOOKMARK [2][-]{subsection.4.4.2}{4.4.2 Helsinki City Scenario仿真}{section.4.4}% 41
\BOOKMARK [1][-]{section.4.5}{4.5 本章小结}{chapter.4}% 42
\BOOKMARK [0][-]{chapter.5}{第五章  基于跳数的启发式距离向量算法}{}% 43
\BOOKMARK [1][-]{section.5.1}{5.1 系统模型}{chapter.5}% 44
\BOOKMARK [1][-]{section.5.2}{5.2 消息投递跳数预测}{chapter.5}% 45
\BOOKMARK [2][-]{subsection.5.2.1}{5.2.1 消息收集}{section.5.2}% 46
\BOOKMARK [2][-]{subsection.5.2.2}{5.2.2 启发函数}{section.5.2}% 47
\BOOKMARK [1][-]{section.5.3}{5.3 路由协议}{chapter.5}% 48
\BOOKMARK [1][-]{section.5.4}{5.4 仿真实验}{chapter.5}% 49
\BOOKMARK [2][-]{subsection.5.4.1}{5.4.1 Helsinki City场景}{section.5.4}% 50
\BOOKMARK [2][-]{subsection.5.4.2}{5.4.2 Cambridge-iMote场景}{section.5.4}% 51
\BOOKMARK [1][-]{section.5.5}{5.5 本章小结}{chapter.5}% 52
\BOOKMARK [0][-]{chapter*.5}{全文总结}{}% 53
\BOOKMARK [0][-]{chapter*.6}{参考文献}{}% 54
\BOOKMARK [0][-]{chapter*.10}{攻读学位期间发表的学术论文目录}{}% 55
\BOOKMARK [0][-]{appendix*.11}{致  谢}{}% 56
\BOOKMARK [0][-]{appendix*.12}{学位论文独创性声明、学位论文知识产权权属声明}{}% 57
